#
# There is insufficient memory for the Java Runtime Environment to continue.
# Native memory allocation (malloc) failed to allocate 1189456 bytes for Chunk::new
# Possible reasons:
#   The system is out of physical RAM or swap space
#   The process is running with CompressedOops enabled, and the Java Heap may be blocking the growth of the native heap
# Possible solutions:
#   Reduce memory load on the system
#   Increase physical memory or swap space
#   Check if swap backing store is full
#   Decrease Java heap size (-Xmx/-Xms)
#   Decrease number of Java threads
#   Decrease Java thread stack sizes (-Xss)
#   Set larger code cache with -XX:ReservedCodeCacheSize=
#   JVM is running with Unscaled Compressed Oops mode in which the Java heap is
#     placed in the first 4GB address space. The Java Heap base address is the
#     maximum limit for the native heap growth. Please use -XX:HeapBaseMinAddress
#     to set the Java Heap base and to place the Java Heap above 4GB virtual address.
# This output file may be truncated or incomplete.
#
#  Out of Memory Error (allocation.cpp:389), pid=3656, tid=0x0000000000002648
#
# JRE version: OpenJDK Runtime Environment (8.0_202-b03) (build 1.8.0_202-release-1483-b03)
# Java VM: OpenJDK 64-Bit Server VM (25.202-b03 mixed mode windows-amd64 compressed oops)
# Failed to write core dump. Minidumps are not enabled by default on client versions of Windows
#

---------------  T H R E A D  ---------------

Current thread (0x000000001622c000):  JavaThread "C2 CompilerThread1" daemon [_thread_in_native, id=9800, stack(0x00000000179a0000,0x0000000017aa0000)]

Stack: [0x00000000179a0000,0x0000000017aa0000]
[error occurred during error reporting (printing stack bounds), id 0xc0000005]

Native frames: (J=compiled Java code, j=interpreted, Vv=VM code, C=native code)


Current CompileTask:
C2: 130886 14422 %     4       com.android.tools.r8.ir.regalloc.LinearScanRegisterAllocator::a @ 1334 (3743 bytes)


---------------  P R O C E S S  ---------------

Java Threads: ( => current thread )
  0x0000000017cac800 JavaThread "Cache worker for Java compile cache (C:\Users\rrpal\AndroidStudioProjects\RRPremios\.gradle\5.4.1\javaCompile)" [_thread_blocked, id=8752, stack(0x0000000025c40000,0x0000000025d40000)]
  0x0000000017cac000 JavaThread "Cache worker for Java compile cache (C:\Users\rrpal\.gradle\caches\5.4.1\javaCompile)" [_thread_blocked, id=10588, stack(0x0000000025b40000,0x0000000025c40000)]
  0x0000000017cab000 JavaThread "WorkerExecutor Queue Thread 4" [_thread_blocked, id=6052, stack(0x0000000025a40000,0x0000000025b40000)]
  0x0000000017caa800 JavaThread "WorkerExecutor Queue Thread 3" [_thread_blocked, id=14184, stack(0x0000000025940000,0x0000000025a40000)]
  0x0000000017ca9800 JavaThread "stdout" [_thread_in_native, id=14976, stack(0x0000000025640000,0x0000000025740000)]
  0x0000000017ca9000 JavaThread "stderr" [_thread_in_native, id=10256, stack(0x0000000025540000,0x0000000025640000)]
  0x0000000017ca2800 JavaThread "stdout" [_thread_in_native, id=12232, stack(0x0000000025270000,0x0000000025370000)]
  0x0000000017ca3800 JavaThread "stderr" [_thread_in_native, id=14396, stack(0x0000000025000000,0x0000000025100000)]
  0x0000000017ca5000 JavaThread "pool-3-thread-1" [_thread_blocked, id=6336, stack(0x0000000025170000,0x0000000025270000)]
  0x0000000017ca1000 JavaThread "WorkerExecutor Queue Thread 2" [_thread_blocked, id=11440, stack(0x0000000024f00000,0x0000000025000000)]
  0x0000000017ca7800 JavaThread "WorkerExecutor Queue" [_thread_blocked, id=9596, stack(0x0000000024e00000,0x0000000024f00000)]
  0x0000000017ca2000 JavaThread "Cache worker for execution history cache (C:\Users\rrpal\AndroidStudioProjects\RRPremios\.gradle\5.4.1\executionHistory)" [_thread_blocked, id=13104, stack(0x0000000024b00000,0x0000000024c00000)]
  0x0000000018c6c800 JavaThread "Execution worker for ':' Thread 3" [_thread_in_vm, id=2360, stack(0x0000000024a00000,0x0000000024b00000)]
  0x000000001c619800 JavaThread "Execution worker for ':' Thread 2" [_thread_in_vm, id=7960, stack(0x0000000024900000,0x0000000024a00000)]
  0x000000001c612000 JavaThread "Execution worker for ':'" [_thread_blocked, id=11868, stack(0x0000000024800000,0x0000000024900000)]
  0x000000001c618000 JavaThread "Cache worker for file content cache (C:\Users\rrpal\AndroidStudioProjects\RRPremios\.gradle\5.4.1\fileContent)" [_thread_blocked, id=13704, stack(0x0000000024500000,0x0000000024600000)]
  0x000000001c616000 JavaThread "Cache worker for file content cache (C:\Users\rrpal\.gradle\caches\5.4.1\fileContent)" [_thread_blocked, id=9688, stack(0x0000000024400000,0x0000000024500000)]
  0x000000001c616800 JavaThread "Cache worker for Build Output Cleanup Cache (C:\Users\rrpal\AndroidStudioProjects\RRPremios\.gradle\buildOutputCleanup)" [_thread_blocked, id=8320, stack(0x0000000024300000,0x0000000024400000)]
  0x000000001c615000 JavaThread "pool-2-thread-1" [_thread_blocked, id=4472, stack(0x0000000022130000,0x0000000022230000)]
  0x000000001c617800 JavaThread "Build operations Thread 4" [_thread_blocked, id=14112, stack(0x0000000021e30000,0x0000000021f30000)]
  0x000000001c614800 JavaThread "Build operations Thread 3" [_thread_blocked, id=11332, stack(0x0000000021930000,0x0000000021a30000)]
  0x000000001c619000 JavaThread "Build operations Thread 2" [_thread_blocked, id=11680, stack(0x0000000021830000,0x0000000021930000)]
  0x000000001c613800 JavaThread "Build operations" [_thread_blocked, id=11428, stack(0x0000000021730000,0x0000000021830000)]
  0x000000001c60d800 JavaThread "Cache worker for cache directory md-rule (C:\Users\rrpal\.gradle\caches\5.4.1\md-rule)" [_thread_blocked, id=816, stack(0x0000000021630000,0x0000000021730000)]
  0x000000001c60a800 JavaThread "Cache worker for cache directory md-supplier (C:\Users\rrpal\.gradle\caches\5.4.1\md-supplier)" [_thread_blocked, id=13528, stack(0x000000001e280000,0x000000001e380000)]
  0x000000001c60c000 JavaThread "Cache worker for file hash cache (C:\Users\rrpal\AndroidStudioProjects\RRPremios\.gradle\5.4.1\fileHashes)" [_thread_blocked, id=5792, stack(0x000000001ab10000,0x000000001ac10000)]
  0x000000001c60e800 JavaThread "Thread-30" [_thread_blocked, id=11896, stack(0x000000001a710000,0x000000001a810000)]
  0x000000001c611800 JavaThread "Stdin handler" [_thread_blocked, id=8624, stack(0x000000001a410000,0x000000001a510000)]
  0x000000001c610800 JavaThread "Asynchronous log dispatcher for DefaultDaemonConnection: socket connection from /127.0.0.1:64320 to /127.0.0.1:64349" [_thread_blocked, id=2140, stack(0x0000000000cf0000,0x0000000000df0000)]
  0x000000001c610000 JavaThread "Cancel handler" [_thread_blocked, id=6328, stack(0x0000000000bf0000,0x0000000000cf0000)]
  0x000000001c60f000 JavaThread "Handler for socket connection from /127.0.0.1:64320 to /127.0.0.1:64349" [_thread_in_native, id=9996, stack(0x0000000000af0000,0x0000000000bf0000)]
  0x000000001c613000 JavaThread "Memory manager" [_thread_blocked, id=8436, stack(0x0000000022c30000,0x0000000022d30000)]
  0x000000001c60d000 JavaThread "Cache worker for execution history cache (C:\Users\rrpal\.gradle\caches\5.4.1\executionHistory)" [_thread_blocked, id=10996, stack(0x0000000020000000,0x0000000020100000)]
  0x0000000018c66800 JavaThread "Cache worker for journal cache (C:\Users\rrpal\.gradle\caches\journal-1)" [_thread_blocked, id=9864, stack(0x000000001ae10000,0x000000001af10000)]
  0x0000000018c68800 JavaThread "File lock request listener" [_thread_in_native, id=6012, stack(0x000000001ad10000,0x000000001ae10000)]
  0x0000000018c6a800 JavaThread "Cache worker for file hash cache (C:\Users\rrpal\.gradle\caches\5.4.1\fileHashes)" [_thread_blocked, id=14516, stack(0x000000001ac10000,0x000000001ad10000)]
  0x00000000186ef800 JavaThread "Daemon worker" [_thread_in_Java, id=2096, stack(0x000000001a810000,0x000000001a910000)]
  0x0000000017f69000 JavaThread "Daemon" [_thread_blocked, id=8788, stack(0x000000001a310000,0x000000001a410000)]
  0x00000000181ce800 JavaThread "Daemon periodic checks" [_thread_blocked, id=4488, stack(0x000000001a210000,0x000000001a310000)]
  0x0000000018386000 JavaThread "Incoming local TCP Connector on port 64320" [_thread_in_native, id=7752, stack(0x0000000019fb0000,0x000000001a0b0000)]
  0x0000000019230800 JavaThread "Daemon health stats" [_thread_blocked, id=5060, stack(0x0000000019970000,0x0000000019a70000)]
  0x0000000017bc0800 JavaThread "Service Thread" daemon [_thread_blocked, id=6480, stack(0x0000000017fa0000,0x00000000180a0000)]
  0x0000000016232800 JavaThread "C1 CompilerThread2" daemon [_thread_blocked, id=5940, stack(0x0000000017aa0000,0x0000000017ba0000)]
=>0x000000001622c000 JavaThread "C2 CompilerThread1" daemon [_thread_in_native, id=9800, stack(0x00000000179a0000,0x0000000017aa0000)]
  0x0000000016228000 JavaThread "C2 CompilerThread0" daemon [_thread_in_native, id=5096, stack(0x00000000178a0000,0x00000000179a0000)]
  0x0000000016235800 JavaThread "Attach Listener" daemon [_thread_blocked, id=9424, stack(0x00000000177a0000,0x00000000178a0000)]
  0x0000000016234800 JavaThread "Signal Dispatcher" daemon [_thread_blocked, id=14608, stack(0x00000000176a0000,0x00000000177a0000)]
  0x00000000028ba800 JavaThread "Finalizer" daemon [_thread_blocked, id=6048, stack(0x0000000017490000,0x0000000017590000)]
  0x0000000016219000 JavaThread "Reference Handler" daemon [_thread_blocked, id=4928, stack(0x0000000017390000,0x0000000017490000)]
  0x00000000026bd800 JavaThread "main" [_thread_blocked, id=8072, stack(0x00000000026c0000,0x00000000027c0000)]

Other Threads:
  0x00000000161f6000 VMThread [stack: 0x0000000017290000,0x0000000017390000] [id=14312]
  0x000000001628d000 WatcherThread [stack: 0x00000000180a0000,0x00000000181a0000] [id=1464]

VM state:not at safepoint (normal execution)

VM Mutex/Monitor currently owned by a thread: None

heap address: 0x00000000a0000000, size: 1536 MB, Compressed Oops mode: 32-bit
Narrow klass base: 0x0000000000000000, Narrow klass shift: 3
Compressed class space size: 1073741824 Address: 0x0000000100000000

Heap:
 PSYoungGen      total 372736K, used 184892K [0x00000000e0000000, 0x00000000f8e00000, 0x0000000100000000)
  eden space 354304K, 47% used [0x00000000e0000000,0x00000000ea4ed818,0x00000000f5a00000)
  from space 18432K, 86% used [0x00000000f7c00000,0x00000000f8ba1a10,0x00000000f8e00000)
  to   space 26624K, 0% used [0x00000000f5a00000,0x00000000f5a00000,0x00000000f7400000)
 ParOldGen       total 125952K, used 52682K [0x00000000a0000000, 0x00000000a7b00000, 0x00000000e0000000)
  object space 125952K, 41% used [0x00000000a0000000,0x00000000a3372818,0x00000000a7b00000)
 Metaspace       used 82377K, capacity 85148K, committed 85208K, reserved 1124352K
  class space    used 10621K, capacity 11244K, committed 11264K, reserved 1048576K

Card table byte_map: [0x0000000011c80000,0x0000000011f90000] byte_map_base: 0x0000000011780000

Marking Bits: (ParMarkBitMap*) 0x0000000056989f30
 Begin Bits: [0x0000000012590000, 0x0000000013d90000)
 End Bits:   [0x0000000013d90000, 0x0000000015590000)

Polling page: 0x00000000025f0000

CodeCache: size=245760Kb used=44356Kb max_used=44356Kb free=201403Kb
 bounds [0x00000000028c0000, 0x0000000005450000, 0x00000000118c0000]
 total_blobs=13352 nmethods=12489 adapters=774
 compilation: enabled

Compilation events (10 events):
Event: 130.852 Thread 0x0000000016232800 14479       3       com.android.tools.r8.ir.code.e::a (284 bytes)
Event: 130.854 Thread 0x0000000016232800 nmethod 14479 0x0000000005432a90 code [0x0000000005432f40, 0x0000000005436078]
Event: 130.854 Thread 0x0000000016232800 14487       3       com.android.tools.r8.ir.code.Move::asMove (2 bytes)
Event: 130.854 Thread 0x0000000016232800 nmethod 14487 0x0000000005437510 code [0x0000000005437660, 0x00000000054377b0]
Event: 130.854 Thread 0x0000000016232800 14486       3       com.android.tools.r8.ir.regalloc.LiveIntervals::r (25 bytes)
Event: 130.854 Thread 0x0000000016232800 nmethod 14486 0x0000000005437850 code [0x00000000054379e0, 0x0000000005437f68]
Event: 130.854 Thread 0x0000000016232800 14484       1       com.android.tools.r8.ir.code.Add::J1 (2 bytes)
Event: 130.854 Thread 0x0000000016232800 nmethod 14484 0x00000000054380d0 code [0x0000000005438220, 0x0000000005438330]
Event: 130.855 Thread 0x0000000016232800 14488       3       com.android.tools.r8.ir.code.r::a (224 bytes)
Event: 130.855 Thread 0x0000000016232800 nmethod 14488 0x0000000005438390 code [0x0000000005438640, 0x0000000005439918]

GC Heap History (10 events):
Event: 32.325 GC heap before
{Heap before GC invocations=13 (full 2):
 PSYoungGen      total 189440K, used 23347K [0x00000000e0000000, 0x00000000ed680000, 0x0000000100000000)
  eden space 172032K, 3% used [0x00000000e0000000,0x00000000e05d2ad0,0x00000000ea800000)
  from space 17408K, 99% used [0x00000000ebd80000,0x00000000ece7a418,0x00000000ece80000)
  to   space 22016K, 0% used [0x00000000ea800000,0x00000000ea800000,0x00000000ebd80000)
 ParOldGen       total 99840K, used 27625K [0x00000000a0000000, 0x00000000a6180000, 0x00000000e0000000)
  object space 99840K, 27% used [0x00000000a0000000,0x00000000a1afa430,0x00000000a6180000)
 Metaspace       used 57344K, capacity 58970K, committed 59028K, reserved 1099776K
  class space    used 7779K, capacity 8183K, committed 8192K, reserved 1048576K
Event: 32.345 GC heap after
Heap after GC invocations=13 (full 2):
 PSYoungGen      total 194048K, used 16837K [0x00000000e0000000, 0x00000000f2900000, 0x0000000100000000)
  eden space 172032K, 0% used [0x00000000e0000000,0x00000000e0000000,0x00000000ea800000)
  from space 22016K, 76% used [0x00000000ea800000,0x00000000eb8717c0,0x00000000ebd80000)
  to   space 23040K, 0% used [0x00000000f1280000,0x00000000f1280000,0x00000000f2900000)
 ParOldGen       total 99840K, used 27633K [0x00000000a0000000, 0x00000000a6180000, 0x00000000e0000000)
  object space 99840K, 27% used [0x00000000a0000000,0x00000000a1afc430,0x00000000a6180000)
 Metaspace       used 57344K, capacity 58970K, committed 59028K, reserved 1099776K
  class space    used 7779K, capacity 8183K, committed 8192K, reserved 1048576K
}
Event: 32.345 GC heap before
{Heap before GC invocations=14 (full 3):
 PSYoungGen      total 194048K, used 16837K [0x00000000e0000000, 0x00000000f2900000, 0x0000000100000000)
  eden space 172032K, 0% used [0x00000000e0000000,0x00000000e0000000,0x00000000ea800000)
  from space 22016K, 76% used [0x00000000ea800000,0x00000000eb8717c0,0x00000000ebd80000)
  to   space 23040K, 0% used [0x00000000f1280000,0x00000000f1280000,0x00000000f2900000)
 ParOldGen       total 99840K, used 27633K [0x00000000a0000000, 0x00000000a6180000, 0x00000000e0000000)
  object space 99840K, 27% used [0x00000000a0000000,0x00000000a1afc430,0x00000000a6180000)
 Metaspace       used 57344K, capacity 58970K, committed 59028K, reserved 1099776K
  class space    used 7779K, capacity 8183K, committed 8192K, reserved 1048576K
Event: 32.588 GC heap after
Heap after GC invocations=14 (full 3):
 PSYoungGen      total 194048K, used 0K [0x00000000e0000000, 0x00000000f2900000, 0x0000000100000000)
  eden space 172032K, 0% used [0x00000000e0000000,0x00000000e0000000,0x00000000ea800000)
  from space 22016K, 0% used [0x00000000ea800000,0x00000000ea800000,0x00000000ebd80000)
  to   space 23040K, 0% used [0x00000000f1280000,0x00000000f1280000,0x00000000f2900000)
 ParOldGen       total 125952K, used 32249K [0x00000000a0000000, 0x00000000a7b00000, 0x00000000e0000000)
  object space 125952K, 25% used [0x00000000a0000000,0x00000000a1f7e618,0x00000000a7b00000)
 Metaspace       used 57327K, capacity 58928K, committed 59028K, reserved 1099776K
  class space    used 7774K, capacity 8174K, committed 8192K, reserved 1048576K
}
Event: 88.067 GC heap before
{Heap before GC invocations=15 (full 3):
 PSYoungGen      total 194048K, used 172032K [0x00000000e0000000, 0x00000000f2900000, 0x0000000100000000)
  eden space 172032K, 100% used [0x00000000e0000000,0x00000000ea800000,0x00000000ea800000)
  from space 22016K, 0% used [0x00000000ea800000,0x00000000ea800000,0x00000000ebd80000)
  to   space 23040K, 0% used [0x00000000f1280000,0x00000000f1280000,0x00000000f2900000)
 ParOldGen       total 125952K, used 32249K [0x00000000a0000000, 0x00000000a7b00000, 0x00000000e0000000)
  object space 125952K, 25% used [0x00000000a0000000,0x00000000a1f7e618,0x00000000a7b00000)
 Metaspace       used 63970K, capacity 66050K, committed 66264K, reserved 1105920K
  class space    used 8423K, capacity 8869K, committed 8960K, reserved 1048576K
Event: 88.099 GC heap after
Heap after GC invocations=15 (full 3):
 PSYoungGen      total 271872K, used 16672K [0x00000000e0000000, 0x00000000f2580000, 0x0000000100000000)
  eden space 252416K, 0% used [0x00000000e0000000,0x00000000e0000000,0x00000000ef680000)
  from space 19456K, 85% used [0x00000000f1280000,0x00000000f22c8390,0x00000000f2580000)
  to   space 24064K, 0% used [0x00000000ef680000,0x00000000ef680000,0x00000000f0e00000)
 ParOldGen       total 125952K, used 32257K [0x00000000a0000000, 0x00000000a7b00000, 0x00000000e0000000)
  object space 125952K, 25% used [0x00000000a0000000,0x00000000a1f80618,0x00000000a7b00000)
 Metaspace       used 63970K, capacity 66050K, committed 66264K, reserved 1105920K
  class space    used 8423K, capacity 8869K, committed 8960K, reserved 1048576K
}
Event: 117.548 GC heap before
{Heap before GC invocations=16 (full 3):
 PSYoungGen      total 271872K, used 269088K [0x00000000e0000000, 0x00000000f2580000, 0x0000000100000000)
  eden space 252416K, 100% used [0x00000000e0000000,0x00000000ef680000,0x00000000ef680000)
  from space 19456K, 85% used [0x00000000f1280000,0x00000000f22c8390,0x00000000f2580000)
  to   space 24064K, 0% used [0x00000000ef680000,0x00000000ef680000,0x00000000f0e00000)
 ParOldGen       total 125952K, used 32257K [0x00000000a0000000, 0x00000000a7b00000, 0x00000000e0000000)
  object space 125952K, 25% used [0x00000000a0000000,0x00000000a1f80618,0x00000000a7b00000)
 Metaspace       used 67186K, capacity 69376K, committed 69464K, reserved 1110016K
  class space    used 8782K, capacity 9262K, committed 9344K, reserved 1048576K
Event: 117.576 GC heap after
Heap after GC invocations=16 (full 3):
 PSYoungGen      total 276480K, used 22587K [0x00000000e0000000, 0x00000000f9600000, 0x0000000100000000)
  eden space 252416K, 0% used [0x00000000e0000000,0x00000000e0000000,0x00000000ef680000)
  from space 24064K, 93% used [0x00000000ef680000,0x00000000f0c8ec58,0x00000000f0e00000)
  to   space 26624K, 0% used [0x00000000f7c00000,0x00000000f7c00000,0x00000000f9600000)
 ParOldGen       total 125952K, used 32265K [0x00000000a0000000, 0x00000000a7b00000, 0x00000000e0000000)
  object space 125952K, 25% used [0x00000000a0000000,0x00000000a1f82618,0x00000000a7b00000)
 Metaspace       used 67186K, capacity 69376K, committed 69464K, reserved 1110016K
  class space    used 8782K, capacity 9262K, committed 9344K, reserved 1048576K
}
Event: 127.217 GC heap before
{Heap before GC invocations=17 (full 3):
 PSYoungGen      total 276480K, used 275003K [0x00000000e0000000, 0x00000000f9600000, 0x0000000100000000)
  eden space 252416K, 100% used [0x00000000e0000000,0x00000000ef680000,0x00000000ef680000)
  from space 24064K, 93% used [0x00000000ef680000,0x00000000f0c8ec58,0x00000000f0e00000)
  to   space 26624K, 0% used [0x00000000f7c00000,0x00000000f7c00000,0x00000000f9600000)
 ParOldGen       total 125952K, used 32265K [0x00000000a0000000, 0x00000000a7b00000, 0x00000000e0000000)
  object space 125952K, 25% used [0x00000000a0000000,0x00000000a1f82618,0x00000000a7b00000)
 Metaspace       used 74389K, capacity 76596K, committed 76888K, reserved 1116160K
  class space    used 9529K, capacity 10074K, committed 10112K, reserved 1048576K
Event: 127.250 GC heap after
Heap after GC invocations=17 (full 3):
 PSYoungGen      total 372736K, used 16006K [0x00000000e0000000, 0x00000000f8e00000, 0x0000000100000000)
  eden space 354304K, 0% used [0x00000000e0000000,0x00000000e0000000,0x00000000f5a00000)
  from space 18432K, 86% used [0x00000000f7c00000,0x00000000f8ba1a10,0x00000000f8e00000)
  to   space 26624K, 0% used [0x00000000f5a00000,0x00000000f5a00000,0x00000000f7400000)
 ParOldGen       total 125952K, used 52682K [0x00000000a0000000, 0x00000000a7b00000, 0x00000000e0000000)
  object space 125952K, 41% used [0x00000000a0000000,0x00000000a3372818,0x00000000a7b00000)
 Metaspace       used 74389K, capacity 76596K, committed 76888K, reserved 1116160K
  class space    used 9529K, capacity 10074K, committed 10112K, reserved 1048576K
}

Deoptimization events (10 events):
Event: 130.748 Thread 0x00000000186ef800 Uncommon trap: reason=bimorphic action=maybe_recompile pc=0x00000000052ba68c method=com.android.tools.r8.ir.conversion.X.a(I[Lcom/android/tools/r8/ir/conversion/P;Lcom/android/tools/r8/m/a/a/b/d0;)Z @ 4
Event: 130.752 Thread 0x00000000186ef800 Uncommon trap: reason=bimorphic action=maybe_recompile pc=0x00000000052ba68c method=com.android.tools.r8.ir.conversion.X.a(I[Lcom/android/tools/r8/ir/conversion/P;Lcom/android/tools/r8/m/a/a/b/d0;)Z @ 4
Event: 130.795 Thread 0x0000000018c6c800 Uncommon trap: reason=unstable_if action=reinterpret pc=0x00000000053b623c method=java.util.IdentityHashMap.containsKey(Ljava/lang/Object;)Z @ 31
Event: 130.842 Thread 0x00000000186ef800 Uncommon trap: reason=bimorphic action=maybe_recompile pc=0x000000000537471c method=com.android.tools.r8.ir.code.k0.a(Lcom/android/tools/r8/ir/analysis/type/TypeLatticeElement;)Lcom/android/tools/r8/ir/code/k0; @ 19
Event: 130.844 Thread 0x000000001c619800 Uncommon trap: reason=bimorphic action=maybe_recompile pc=0x00000000053904c0 method=com.android.tools.r8.ir.analysis.type.TypeLatticeElement.l()Z @ 36
Event: 130.844 Thread 0x000000001c619800 Uncommon trap: reason=bimorphic action=maybe_recompile pc=0x00000000053904c0 method=com.android.tools.r8.ir.analysis.type.TypeLatticeElement.l()Z @ 36
Event: 130.844 Thread 0x000000001c619800 Uncommon trap: reason=bimorphic action=maybe_recompile pc=0x00000000053728dc method=com.android.tools.r8.ir.analysis.type.TypeLatticeElement.l()Z @ 36
Event: 130.845 Thread 0x000000001c619800 Uncommon trap: reason=bimorphic action=maybe_recompile pc=0x00000000053728dc method=com.android.tools.r8.ir.analysis.type.TypeLatticeElement.l()Z @ 36
Event: 130.847 Thread 0x000000001c619800 Uncommon trap: reason=bimorphic action=maybe_recompile pc=0x00000000050fd874 method=com.android.tools.r8.ir.code.ValueType.a(Lcom/android/tools/r8/ir/analysis/type/TypeLatticeElement;)Lcom/android/tools/r8/ir/code/ValueType; @ 23
Event: 130.848 Thread 0x000000001c619800 Uncommon trap: reason=bimorphic action=maybe_recompile pc=0x00000000050fd874 method=com.android.tools.r8.ir.code.ValueType.a(Lcom/android/tools/r8/ir/analysis/type/TypeLatticeElement;)Lcom/android/tools/r8/ir/code/ValueType; @ 23

Classes redefined (0 events):
No events

Internal exceptions (10 events):
Event: 127.650 Thread 0x000000001c60e800 Exception <a 'java/lang/NoSuchMethodError': <clinit>> (0x00000000e000c8c0) thrown at [D:\src\AOSP-openjdk-cygwin\jdk8u\hotspot\src\share\vm\prims\jni.cpp, line 1614]
Event: 127.650 Thread 0x000000001c60e800 Exception <a 'java/lang/NoSuchMethodError': <clinit>> (0x00000000e00171e0) thrown at [D:\src\AOSP-openjdk-cygwin\jdk8u\hotspot\src\share\vm\prims\jni.cpp, line 1614]
Event: 128.545 Thread 0x00000000186ef800 Exception <a 'java/lang/NoSuchMethodError': java.lang.Object.lambda$static$0(Ljava/lang/String;)Z> (0x00000000e20ffad0) thrown at [D:\src\AOSP-openjdk-cygwin\jdk8u\hotspot\src\share\vm\interpreter\linkResolver.cpp, line 620]
Event: 128.546 Thread 0x00000000186ef800 Exception <a 'java/lang/NoSuchMethodError': java.lang.Object.lambda$and$0(Ljava/util/function/Predicate;Ljava/lang/Object;)Z> (0x00000000e2106080) thrown at [D:\src\AOSP-openjdk-cygwin\jdk8u\hotspot\src\share\vm\interpreter\linkResolver.cpp, line 620]
Event: 128.808 Thread 0x0000000018c6c800 Exception <a 'sun/nio/fs/WindowsException'> (0x00000000e28c74e0) thrown at [D:\src\AOSP-openjdk-cygwin\jdk8u\hotspot\src\share\vm\prims\jni.cpp, line 710]
Event: 128.809 Thread 0x00000000186ef800 Exception <a 'sun/nio/fs/WindowsException'> (0x00000000e22f6528) thrown at [D:\src\AOSP-openjdk-cygwin\jdk8u\hotspot\src\share\vm\prims\jni.cpp, line 710]
Event: 128.957 Thread 0x000000001c612000 Exception <a 'sun/nio/fs/WindowsException'> (0x00000000e36d09d0) thrown at [D:\src\AOSP-openjdk-cygwin\jdk8u\hotspot\src\share\vm\prims\jni.cpp, line 710]
Event: 129.018 Thread 0x000000001c619800 Exception <a 'sun/nio/fs/WindowsException'> (0x00000000e3665258) thrown at [D:\src\AOSP-openjdk-cygwin\jdk8u\hotspot\src\share\vm\prims\jni.cpp, line 710]
Event: 129.053 Thread 0x0000000018c6c800 Exception <a 'java/lang/NoSuchMethodError': java.lang.Object.lambda$identity$2(Ljava/lang/Object;)Ljava/lang/Object;> (0x00000000e3736e20) thrown at [D:\src\AOSP-openjdk-cygwin\jdk8u\hotspot\src\share\vm\interpreter\linkResolver.cpp, line 620]
Event: 129.512 Thread 0x000000001c612000 Exception <a 'java/lang/NoSuchMethodError': java.lang.Object.lambda$maxBy$1(Ljava/util/Comparator;Ljava/lang/Object;Ljava/lang/Object;)Ljava/lang/Object;> (0x00000000e61051c8) thrown at [D:\src\AOSP-openjdk-cygwin\jdk8u\hotspot\src\share\vm\interpreter\li

Events (10 events):
Event: 130.851 loading class com/android/tools/r8/dex/o
Event: 130.851 loading class com/android/tools/r8/dex/o done
Event: 130.851 loading class com/android/tools/r8/dex/o
Event: 130.851 loading class com/android/tools/r8/dex/o done
Event: 130.854 loading class com/android/tools/r8/graph/j
Event: 130.854 loading class com/android/tools/r8/graph/j done
Event: 130.855 loading class com/android/tools/r8/graph/DexEncodedMethod
Event: 130.855 loading class com/android/tools/r8/graph/DexEncodedMethod done
Event: 130.855 loading class com/android/tools/r8/utils/O
Event: 130.855 loading class com/android/tools/r8/utils/O done


Dynamic libraries:
0x00007ff6648d0000 - 0x00007ff664901000 	C:\Program Files\Android\Android Studio\jre\bin\java.exe
0x00007fff2baa0000 - 0x00007fff2bc90000 	C:\WINDOWS\SYSTEM32\ntdll.dll
0x00007fff2b0a0000 - 0x00007fff2b152000 	C:\WINDOWS\System32\KERNEL32.DLL
0x00007fff28c50000 - 0x00007fff28ef3000 	C:\WINDOWS\System32\KERNELBASE.dll
0x00007fff2a160000 - 0x00007fff2a203000 	C:\WINDOWS\System32\ADVAPI32.dll
0x00007fff2a700000 - 0x00007fff2a79e000 	C:\WINDOWS\System32\msvcrt.dll
0x00007fff2b600000 - 0x00007fff2b697000 	C:\WINDOWS\System32\sechost.dll
0x00007fff2a810000 - 0x00007fff2a930000 	C:\WINDOWS\System32\RPCRT4.dll
0x00007fff29fc0000 - 0x00007fff2a154000 	C:\WINDOWS\System32\USER32.dll
0x00007fff28fb0000 - 0x00007fff28fd1000 	C:\WINDOWS\System32\win32u.dll
0x00007fff2b550000 - 0x00007fff2b576000 	C:\WINDOWS\System32\GDI32.dll
0x00007fff29920000 - 0x00007fff29ab4000 	C:\WINDOWS\System32\gdi32full.dll
0x00007fff29100000 - 0x00007fff2919e000 	C:\WINDOWS\System32\msvcp_win.dll
0x00007fff29000000 - 0x00007fff290fa000 	C:\WINDOWS\System32\ucrtbase.dll
0x00007fff20eb0000 - 0x00007fff21135000 	C:\WINDOWS\WinSxS\amd64_microsoft.windows.common-controls_6595b64144ccf1df_6.0.18362.418_none_e6c6b287130d565d\COMCTL32.dll
0x00007fff2b6a0000 - 0x00007fff2b9d6000 	C:\WINDOWS\System32\combase.dll
0x00007fff28bd0000 - 0x00007fff28c50000 	C:\WINDOWS\System32\bcryptPrimitives.dll
0x00007fff2a430000 - 0x00007fff2a45e000 	C:\WINDOWS\System32\IMM32.DLL
0x0000000056000000 - 0x00000000560d2000 	C:\Program Files\Android\Android Studio\jre\jre\bin\msvcr100.dll
0x00000000561c0000 - 0x0000000056a06000 	C:\Program Files\Android\Android Studio\jre\jre\bin\server\jvm.dll
0x00007fff2b360000 - 0x00007fff2b368000 	C:\WINDOWS\System32\PSAPI.DLL
0x00007fff272c0000 - 0x00007fff272c9000 	C:\WINDOWS\SYSTEM32\WSOCK32.dll
0x00007fff22e00000 - 0x00007fff22e0a000 	C:\WINDOWS\SYSTEM32\VERSION.dll
0x00007fff26370000 - 0x00007fff26394000 	C:\WINDOWS\SYSTEM32\WINMM.dll
0x00007fff2b580000 - 0x00007fff2b5ef000 	C:\WINDOWS\System32\WS2_32.dll
0x00007fff25c60000 - 0x00007fff25c8d000 	C:\WINDOWS\SYSTEM32\winmmbase.dll
0x00007fff28a30000 - 0x00007fff28a7a000 	C:\WINDOWS\System32\cfgmgr32.dll
0x00007fff263d0000 - 0x00007fff263df000 	C:\Program Files\Android\Android Studio\jre\jre\bin\verify.dll
0x00007fff21af0000 - 0x00007fff21b19000 	C:\Program Files\Android\Android Studio\jre\jre\bin\java.dll
0x00007fff24cc0000 - 0x00007fff24cd6000 	C:\Program Files\Android\Android Studio\jre\jre\bin\zip.dll
0x00007fff2a990000 - 0x00007fff2b075000 	C:\WINDOWS\System32\SHELL32.dll
0x00007fff2a650000 - 0x00007fff2a6f9000 	C:\WINDOWS\System32\shcore.dll
0x00007fff291a0000 - 0x00007fff2991f000 	C:\WINDOWS\System32\windows.storage.dll
0x00007fff289f0000 - 0x00007fff28a0f000 	C:\WINDOWS\System32\profapi.dll
0x00007fff289a0000 - 0x00007fff289ea000 	C:\WINDOWS\System32\powrprof.dll
0x00007fff28970000 - 0x00007fff28980000 	C:\WINDOWS\System32\UMPDC.dll
0x00007fff2a930000 - 0x00007fff2a982000 	C:\WINDOWS\System32\shlwapi.dll
0x00007fff28a10000 - 0x00007fff28a21000 	C:\WINDOWS\System32\kernel.appcore.dll
0x00007fff28fe0000 - 0x00007fff28ff7000 	C:\WINDOWS\System32\cryptsp.dll
0x00007fff1faf0000 - 0x00007fff1fb0a000 	C:\Program Files\Android\Android Studio\jre\jre\bin\net.dll
0x00007fff281e0000 - 0x00007fff28247000 	C:\WINDOWS\system32\mswsock.dll
0x00007fff1fad0000 - 0x00007fff1fae1000 	C:\Program Files\Android\Android Studio\jre\jre\bin\nio.dll
0x00007fff26460000 - 0x00007fff26486000 	C:\Users\rrpal\.gradle\native\29\windows-amd64\native-platform.dll
0x00007fff263c0000 - 0x00007fff263cd000 	C:\Program Files\Android\Android Studio\jre\jre\bin\management.dll
0x00007fff27cf0000 - 0x00007fff27d23000 	C:\WINDOWS\system32\rsaenh.dll
0x00007fff29ac0000 - 0x00007fff29ae6000 	C:\WINDOWS\System32\bcrypt.dll
0x00007fff28860000 - 0x00007fff28885000 	C:\WINDOWS\SYSTEM32\USERENV.dll
0x00007fff283b0000 - 0x00007fff283bc000 	C:\WINDOWS\SYSTEM32\CRYPTBASE.dll
0x00007fff27e90000 - 0x00007fff27eca000 	C:\WINDOWS\SYSTEM32\IPHLPAPI.DLL
0x00007fff2a420000 - 0x00007fff2a428000 	C:\WINDOWS\System32\NSI.dll
0x00007fff20ae0000 - 0x00007fff20af6000 	C:\WINDOWS\SYSTEM32\dhcpcsvc6.DLL
0x00007fff20ac0000 - 0x00007fff20adc000 	C:\WINDOWS\SYSTEM32\dhcpcsvc.DLL
0x00007fff27ed0000 - 0x00007fff27f9a000 	C:\WINDOWS\SYSTEM32\DNSAPI.dll

VM Arguments:
jvm_args: -Xmx1536m -Dfile.encoding=windows-1252 -Duser.country=BR -Duser.language=pt -Duser.variant 
java_command: org.gradle.launcher.daemon.bootstrap.GradleDaemon 5.4.1
java_class_path (initial): C:\Users\rrpal\.gradle\wrapper\dists\gradle-5.4.1-all\3221gyojl5jsh0helicew7rwx\gradle-5.4.1\lib\gradle-launcher-5.4.1.jar
Launcher Type: SUN_STANDARD

Environment Variables:
PATH=C:\Program Files (x86)\NVIDIA Corporation\PhysX\Common;C:\WINDOWS\system32;C:\WINDOWS;C:\WINDOWS\System32\Wbem;C:\WINDOWS\System32\WindowsPowerShell\v1.0\;C:\WINDOWS\System32\OpenSSH\;C:\Users\rrpal\AppData\Local\Microsoft\WindowsApps;
USERNAME=rrpal
OS=Windows_NT
PROCESSOR_IDENTIFIER=Intel64 Family 6 Model 42 Stepping 7, GenuineIntel



---------------  S Y S T E M  ---------------

OS: Windows 10.0 , 64 bit Build 18362 (10.0.18362.329)

CPU:total 4 (initial active 4) (4 cores per cpu, 1 threads per core) family 6 model 42 stepping 7, cmov, cx8, fxsr, mmx, sse, sse2, sse3, ssse3, sse4.1, sse4.2, popcnt, avx, aes, clmul, tsc, tscinvbit

Memory: 4k page, physical 8365488k(2221496k free), swap 33531312k(5488k free)

vm_info: OpenJDK 64-Bit Server VM (25.202-b03) for windows-amd64 JRE (1.8.0_202-release-1483-b03), built by "builder" with MS VC++ 10.0 (VS2010)

time: Tue Oct 22 21:37:49 2019
timezone: Hora oficial do Brasil
elapsed time: 130 seconds (0d 0h 2m 10s)

