#
# There is insufficient memory for the Java Runtime Environment to continue.
# Native memory allocation (malloc) failed to allocate 32744 bytes for ChunkPool::allocate
# Possible reasons:
#   The system is out of physical RAM or swap space
#   The process is running with CompressedOops enabled, and the Java Heap may be blocking the growth of the native heap
# Possible solutions:
#   Reduce memory load on the system
#   Increase physical memory or swap space
#   Check if swap backing store is full
#   Decrease Java heap size (-Xmx/-Xms)
#   Decrease number of Java threads
#   Decrease Java thread stack sizes (-Xss)
#   Set larger code cache with -XX:ReservedCodeCacheSize=
#   JVM is running with Unscaled Compressed Oops mode in which the Java heap is
#     placed in the first 4GB address space. The Java Heap base address is the
#     maximum limit for the native heap growth. Please use -XX:HeapBaseMinAddress
#     to set the Java Heap base and to place the Java Heap above 4GB virtual address.
# This output file may be truncated or incomplete.
#
#  Out of Memory Error (allocation.cpp:272), pid=8472, tid=0x0000000000001100
#
# JRE version: OpenJDK Runtime Environment (8.0_202-b03) (build 1.8.0_202-release-1483-b03)
# Java VM: OpenJDK 64-Bit Server VM (25.202-b03 mixed mode windows-amd64 compressed oops)
# Failed to write core dump. Minidumps are not enabled by default on client versions of Windows
#

---------------  T H R E A D  ---------------

Current thread (0x0000000016aac000):  JavaThread "C2 CompilerThread1" daemon [_thread_in_native, id=4352, stack(0x0000000018210000,0x0000000018310000)]

Stack: [0x0000000018210000,0x0000000018310000]
[error occurred during error reporting (printing stack bounds), id 0xc0000005]

Native frames: (J=compiled Java code, j=interpreted, Vv=VM code, C=native code)


Current CompileTask:
C2:  67062 12948       4       com.android.tools.r8.dex.c::a (492 bytes)


---------------  P R O C E S S  ---------------

Java Threads: ( => current thread )
  0x000000001a092800 JavaThread "ForkJoinPool-3-worker-3" daemon [_thread_blocked, id=12880, stack(0x0000000025bb0000,0x0000000025cb0000)]
  0x000000001a091800 JavaThread "ForkJoinPool-3-worker-2" daemon [_thread_in_vm, id=11216, stack(0x0000000025ab0000,0x0000000025bb0000)]
  0x000000001a089800 JavaThread "ForkJoinPool-3-worker-1" daemon [_thread_blocked, id=312, stack(0x00000000259b0000,0x0000000025ab0000)]
  0x000000001a08a000 JavaThread "WorkerExecutor Queue Thread 4" [_thread_blocked, id=6484, stack(0x0000000025210000,0x0000000025310000)]
  0x000000001a08f800 JavaThread "WorkerExecutor Queue Thread 3" [_thread_blocked, id=6212, stack(0x0000000024c10000,0x0000000024d10000)]
  0x000000001a08e000 JavaThread "WorkerExecutor Queue Thread 2" [_thread_blocked, id=2012, stack(0x0000000024b10000,0x0000000024c10000)]
  0x000000001a08e800 JavaThread "WorkerExecutor Queue" [_thread_blocked, id=8612, stack(0x0000000024a10000,0x0000000024b10000)]
  0x000000001a08b000 JavaThread "Cache worker for execution history cache (C:\Users\rrpal\AndroidStudioProjects\RRPremios\.gradle\5.4.1\executionHistory)" [_thread_blocked, id=4420, stack(0x0000000024710000,0x0000000024810000)]
  0x0000000019543000 JavaThread "Execution worker for ':' Thread 3" [_thread_blocked, id=15316, stack(0x0000000024610000,0x0000000024710000)]
  0x000000001d4c3000 JavaThread "Execution worker for ':' Thread 2" [_thread_blocked, id=9536, stack(0x0000000024510000,0x0000000024610000)]
  0x000000001d4c2000 JavaThread "Execution worker for ':'" [_thread_blocked, id=5200, stack(0x0000000024410000,0x0000000024510000)]
  0x000000001d4c6800 JavaThread "Cache worker for file content cache (C:\Users\rrpal\AndroidStudioProjects\RRPremios\.gradle\5.4.1\fileContent)" [_thread_blocked, id=13992, stack(0x0000000024310000,0x0000000024410000)]
  0x000000001d4c1800 JavaThread "Cache worker for file content cache (C:\Users\rrpal\.gradle\caches\5.4.1\fileContent)" [_thread_blocked, id=10456, stack(0x0000000024210000,0x0000000024310000)]
  0x000000001d4c4800 JavaThread "Cache worker for Build Output Cleanup Cache (C:\Users\rrpal\AndroidStudioProjects\RRPremios\.gradle\buildOutputCleanup)" [_thread_blocked, id=10784, stack(0x0000000024110000,0x0000000024210000)]
  0x000000001d4c6000 JavaThread "pool-2-thread-1" [_thread_blocked, id=13228, stack(0x0000000024010000,0x0000000024110000)]
  0x000000001d4c5000 JavaThread "Build operations Thread 4" [_thread_blocked, id=9384, stack(0x0000000023f10000,0x0000000024010000)]
  0x000000001d4c3800 JavaThread "Build operations Thread 3" [_thread_blocked, id=9616, stack(0x0000000023b80000,0x0000000023c80000)]
  0x000000001d4c0800 JavaThread "Build operations Thread 2" [_thread_blocked, id=7340, stack(0x0000000023a80000,0x0000000023b80000)]
  0x000000001d4b9000 JavaThread "Build operations" [_thread_blocked, id=14288, stack(0x0000000022800000,0x0000000022900000)]
  0x000000001d4b8000 JavaThread "Cache worker for cache directory md-rule (C:\Users\rrpal\.gradle\caches\5.4.1\md-rule)" [_thread_blocked, id=1020, stack(0x00000000212d0000,0x00000000213d0000)]
  0x000000001d4bc000 JavaThread "Cache worker for cache directory md-supplier (C:\Users\rrpal\.gradle\caches\5.4.1\md-supplier)" [_thread_blocked, id=7836, stack(0x00000000211d0000,0x00000000212d0000)]
  0x000000001d4bf000 JavaThread "Cache worker for file hash cache (C:\Users\rrpal\AndroidStudioProjects\RRPremios\.gradle\5.4.1\fileHashes)" [_thread_blocked, id=14864, stack(0x0000000020a50000,0x0000000020b50000)]
  0x000000001d4bb800 JavaThread "Thread-30" [_thread_blocked, id=15092, stack(0x0000000020650000,0x0000000020750000)]
  0x000000001d4be800 JavaThread "Stdin handler" [_thread_blocked, id=6772, stack(0x000000001dcc0000,0x000000001ddc0000)]
  0x000000001d4b7800 JavaThread "Asynchronous log dispatcher for DefaultDaemonConnection: socket connection from /127.0.0.1:63367 to /127.0.0.1:63477" [_thread_blocked, id=14372, stack(0x000000001c950000,0x000000001ca50000)]
  0x000000001d4bd800 JavaThread "Cancel handler" [_thread_blocked, id=10152, stack(0x000000001b380000,0x000000001b480000)]
  0x000000001d4ba800 JavaThread "Handler for socket connection from /127.0.0.1:63367 to /127.0.0.1:63477" [_thread_in_native, id=6860, stack(0x000000001af80000,0x000000001b080000)]
  0x000000001d4ba000 JavaThread "Memory manager" [_thread_blocked, id=13752, stack(0x0000000022d00000,0x0000000022e00000)]
  0x000000001d4bd000 JavaThread "Cache worker for execution history cache (C:\Users\rrpal\.gradle\caches\5.4.1\executionHistory)" [_thread_blocked, id=7960, stack(0x0000000020950000,0x0000000020a50000)]
  0x000000001953e800 JavaThread "Cache worker for journal cache (C:\Users\rrpal\.gradle\caches\journal-1)" [_thread_blocked, id=14072, stack(0x000000001b680000,0x000000001b780000)]
  0x0000000019540800 JavaThread "File lock request listener" [_thread_in_native, id=10052, stack(0x000000001b580000,0x000000001b680000)]
  0x0000000019189800 JavaThread "Cache worker for file hash cache (C:\Users\rrpal\.gradle\caches\5.4.1\fileHashes)" [_thread_blocked, id=11308, stack(0x000000001b480000,0x000000001b580000)]
  0x00000000187c3000 JavaThread "Daemon worker" [_thread_blocked, id=4412, stack(0x000000001b080000,0x000000001b180000)]
  0x000000001914a800 JavaThread "Daemon" [_thread_blocked, id=5404, stack(0x000000001ab80000,0x000000001ac80000)]
  0x0000000018b98800 JavaThread "Daemon periodic checks" [_thread_blocked, id=1248, stack(0x000000001aa80000,0x000000001ab80000)]
  0x0000000018b48800 JavaThread "Incoming local TCP Connector on port 63367" [_thread_in_native, id=2076, stack(0x000000001a820000,0x000000001a920000)]
  0x0000000019a71000 JavaThread "Daemon health stats" [_thread_blocked, id=5624, stack(0x000000001a1e0000,0x000000001a2e0000)]
  0x0000000016b0c000 JavaThread "Service Thread" daemon [_thread_blocked, id=2644, stack(0x0000000018810000,0x0000000018910000)]
  0x0000000016ab9000 JavaThread "C1 CompilerThread2" daemon [_thread_blocked, id=9356, stack(0x0000000018310000,0x0000000018410000)]
=>0x0000000016aac000 JavaThread "C2 CompilerThread1" daemon [_thread_in_native, id=4352, stack(0x0000000018210000,0x0000000018310000)]
  0x0000000016ab8000 JavaThread "C2 CompilerThread0" daemon [_thread_in_native, id=14060, stack(0x0000000018110000,0x0000000018210000)]
  0x0000000016ab6800 JavaThread "Attach Listener" daemon [_thread_blocked, id=10072, stack(0x0000000018010000,0x0000000018110000)]
  0x0000000016ab5000 JavaThread "Signal Dispatcher" daemon [_thread_blocked, id=1164, stack(0x0000000017f10000,0x0000000018010000)]
  0x000000000313b800 JavaThread "Finalizer" daemon [_thread_blocked, id=4460, stack(0x0000000017d00000,0x0000000017e00000)]
  0x0000000016a99000 JavaThread "Reference Handler" daemon [_thread_blocked, id=12792, stack(0x0000000017c00000,0x0000000017d00000)]
  0x00000000015ad800 JavaThread "main" [_thread_blocked, id=2528, stack(0x0000000002f40000,0x0000000003040000)]

Other Threads:
  0x0000000016a76000 VMThread [stack: 0x0000000017b00000,0x0000000017c00000] [id=8236]
  0x0000000016b0d000 WatcherThread [stack: 0x0000000018910000,0x0000000018a10000] [id=15184]

VM state:not at safepoint (normal execution)

VM Mutex/Monitor currently owned by a thread: None

heap address: 0x00000000a0000000, size: 1536 MB, Compressed Oops mode: 32-bit
Narrow klass base: 0x0000000000000000, Narrow klass shift: 3
Compressed class space size: 1073741824 Address: 0x0000000100000000

Heap:
 PSYoungGen      total 291840K, used 186536K [0x00000000e0000000, 0x00000000f7980000, 0x0000000100000000)
  eden space 243712K, 56% used [0x00000000e0000000,0x00000000e8730b68,0x00000000eee00000)
  from space 48128K, 99% used [0x00000000eee00000,0x00000000f1cf95a0,0x00000000f1d00000)
  to   space 24064K, 0% used [0x00000000f1d00000,0x00000000f1d00000,0x00000000f3480000)
 ParOldGen       total 272896K, used 166661K [0x00000000a0000000, 0x00000000b0a80000, 0x00000000e0000000)
  object space 272896K, 61% used [0x00000000a0000000,0x00000000aa2c1468,0x00000000b0a80000)
 Metaspace       used 74217K, capacity 76878K, committed 77144K, reserved 1116160K
  class space    used 9717K, capacity 10299K, committed 10368K, reserved 1048576K

Card table byte_map: [0x0000000012500000,0x0000000012810000] byte_map_base: 0x0000000012000000

Marking Bits: (ParMarkBitMap*) 0x0000000056989f30
 Begin Bits: [0x0000000012e10000, 0x0000000014610000)
 End Bits:   [0x0000000014610000, 0x0000000015e10000)

Polling page: 0x0000000001590000

CodeCache: size=245760Kb used=38664Kb max_used=38664Kb free=207095Kb
 bounds [0x0000000003140000, 0x0000000005740000, 0x0000000012140000]
 total_blobs=11945 nmethods=11112 adapters=744
 compilation: enabled

Compilation events (10 events):
Event: 67.002 Thread 0x0000000016ab9000 12982       1       com.android.tools.r8.code.O0::getOpcode (4 bytes)
Event: 67.003 Thread 0x0000000016ab9000 nmethod 12982 0x000000000572ed90 code [0x000000000572eee0, 0x000000000572eff0]
Event: 67.006 Thread 0x0000000016ab9000 12984       1       com.android.tools.r8.code.I1::getOpcode (4 bytes)
Event: 67.006 Thread 0x0000000016ab9000 nmethod 12984 0x000000000572f050 code [0x000000000572f1a0, 0x000000000572f2b0]
Event: 67.007 Thread 0x0000000016ab9000 12985       1       com.android.tools.r8.code.A0::getOpcode (2 bytes)
Event: 67.007 Thread 0x0000000016ab9000 nmethod 12985 0x000000000572f310 code [0x000000000572f460, 0x000000000572f570]
Event: 67.007 Thread 0x0000000016ab9000 12986       3       com.android.tools.r8.code.g0::a (19 bytes)
Event: 67.008 Thread 0x0000000016ab9000 nmethod 12986 0x000000000572f5d0 code [0x000000000572f780, 0x000000000572fe18]
Event: 67.008 Thread 0x0000000016ab9000 12988       1       com.android.tools.r8.code.q0::getOpcode (4 bytes)
Event: 67.008 Thread 0x0000000016ab9000 nmethod 12988 0x0000000005730010 code [0x0000000005730160, 0x0000000005730270]

GC Heap History (10 events):
Event: 53.352 GC heap before
{Heap before GC invocations=17 (full 3):
 PSYoungGen      total 206336K, used 204349K [0x00000000e0000000, 0x00000000f0800000, 0x0000000100000000)
  eden space 187392K, 100% used [0x00000000e0000000,0x00000000eb700000,0x00000000eb700000)
  from space 18944K, 89% used [0x00000000eb700000,0x00000000ec78f6f0,0x00000000ec980000)
  to   space 20992K, 0% used [0x00000000ef380000,0x00000000ef380000,0x00000000f0800000)
 ParOldGen       total 129024K, used 34424K [0x00000000a0000000, 0x00000000a7e00000, 0x00000000e0000000)
  object space 129024K, 26% used [0x00000000a0000000,0x00000000a219e2c0,0x00000000a7e00000)
 Metaspace       used 65414K, capacity 67452K, committed 67672K, reserved 1107968K
  class space    used 8601K, capacity 9070K, committed 9088K, reserved 1048576K
Event: 53.383 GC heap after
Heap after GC invocations=17 (full 3):
 PSYoungGen      total 245248K, used 20980K [0x00000000e0000000, 0x00000000f0e80000, 0x0000000100000000)
  eden space 224256K, 0% used [0x00000000e0000000,0x00000000e0000000,0x00000000edb00000)
  from space 20992K, 99% used [0x00000000ef380000,0x00000000f07fd080,0x00000000f0800000)
  to   space 25088K, 0% used [0x00000000edb00000,0x00000000edb00000,0x00000000ef380000)
 ParOldGen       total 129024K, used 37520K [0x00000000a0000000, 0x00000000a7e00000, 0x00000000e0000000)
  object space 129024K, 29% used [0x00000000a0000000,0x00000000a24a4140,0x00000000a7e00000)
 Metaspace       used 65414K, capacity 67452K, committed 67672K, reserved 1107968K
  class space    used 8601K, capacity 9070K, committed 9088K, reserved 1048576K
}
Event: 58.060 GC heap before
{Heap before GC invocations=18 (full 3):
 PSYoungGen      total 245248K, used 245101K [0x00000000e0000000, 0x00000000f0e80000, 0x0000000100000000)
  eden space 224256K, 99% used [0x00000000e0000000,0x00000000edade478,0x00000000edb00000)
  from space 20992K, 99% used [0x00000000ef380000,0x00000000f07fd080,0x00000000f0800000)
  to   space 25088K, 0% used [0x00000000edb00000,0x00000000edb00000,0x00000000ef380000)
 ParOldGen       total 129024K, used 37520K [0x00000000a0000000, 0x00000000a7e00000, 0x00000000e0000000)
  object space 129024K, 29% used [0x00000000a0000000,0x00000000a24a4140,0x00000000a7e00000)
 Metaspace       used 72788K, capacity 75452K, committed 75608K, reserved 1114112K
  class space    used 9515K, capacity 10074K, committed 10112K, reserved 1048576K
Event: 58.089 GC heap after
Heap after GC invocations=18 (full 3):
 PSYoungGen      total 249344K, used 9270K [0x00000000e0000000, 0x00000000f3480000, 0x0000000100000000)
  eden space 224256K, 0% used [0x00000000e0000000,0x00000000e0000000,0x00000000edb00000)
  from space 25088K, 36% used [0x00000000edb00000,0x00000000ee40dbf0,0x00000000ef380000)
  to   space 24064K, 0% used [0x00000000f1d00000,0x00000000f1d00000,0x00000000f3480000)
 ParOldGen       total 129024K, used 58455K [0x00000000a0000000, 0x00000000a7e00000, 0x00000000e0000000)
  object space 129024K, 45% used [0x00000000a0000000,0x00000000a3915e70,0x00000000a7e00000)
 Metaspace       used 72788K, capacity 75452K, committed 75608K, reserved 1114112K
  class space    used 9515K, capacity 10074K, committed 10112K, reserved 1048576K
}
Event: 59.996 GC heap before
{Heap before GC invocations=19 (full 3):
 PSYoungGen      total 249344K, used 233526K [0x00000000e0000000, 0x00000000f3480000, 0x0000000100000000)
  eden space 224256K, 100% used [0x00000000e0000000,0x00000000edb00000,0x00000000edb00000)
  from space 25088K, 36% used [0x00000000edb00000,0x00000000ee40dbf0,0x00000000ef380000)
  to   space 24064K, 0% used [0x00000000f1d00000,0x00000000f1d00000,0x00000000f3480000)
 ParOldGen       total 129024K, used 58455K [0x00000000a0000000, 0x00000000a7e00000, 0x00000000e0000000)
  object space 129024K, 45% used [0x00000000a0000000,0x00000000a3915e70,0x00000000a7e00000)
 Metaspace       used 74104K, capacity 76910K, committed 77144K, reserved 1116160K
  class space    used 9728K, capacity 10305K, committed 10368K, reserved 1048576K
Event: 60.093 GC heap after
Heap after GC invocations=19 (full 3):
 PSYoungGen      total 267776K, used 24056K [0x00000000e0000000, 0x00000000f7980000, 0x0000000100000000)
  eden space 243712K, 0% used [0x00000000e0000000,0x00000000e0000000,0x00000000eee00000)
  from space 24064K, 99% used [0x00000000f1d00000,0x00000000f347e230,0x00000000f3480000)
  to   space 48128K, 0% used [0x00000000eee00000,0x00000000eee00000,0x00000000f1d00000)
 ParOldGen       total 129024K, used 113456K [0x00000000a0000000, 0x00000000a7e00000, 0x00000000e0000000)
  object space 129024K, 87% used [0x00000000a0000000,0x00000000a6ecc130,0x00000000a7e00000)
 Metaspace       used 74104K, capacity 76910K, committed 77144K, reserved 1116160K
  class space    used 9728K, capacity 10305K, committed 10368K, reserved 1048576K
}
Event: 60.093 GC heap before
{Heap before GC invocations=20 (full 4):
 PSYoungGen      total 267776K, used 24056K [0x00000000e0000000, 0x00000000f7980000, 0x0000000100000000)
  eden space 243712K, 0% used [0x00000000e0000000,0x00000000e0000000,0x00000000eee00000)
  from space 24064K, 99% used [0x00000000f1d00000,0x00000000f347e230,0x00000000f3480000)
  to   space 48128K, 0% used [0x00000000eee00000,0x00000000eee00000,0x00000000f1d00000)
 ParOldGen       total 129024K, used 113456K [0x00000000a0000000, 0x00000000a7e00000, 0x00000000e0000000)
  object space 129024K, 87% used [0x00000000a0000000,0x00000000a6ecc130,0x00000000a7e00000)
 Metaspace       used 74104K, capacity 76910K, committed 77144K, reserved 1116160K
  class space    used 9728K, capacity 10305K, committed 10368K, reserved 1048576K
Event: 60.791 GC heap after
Heap after GC invocations=20 (full 4):
 PSYoungGen      total 267776K, used 1015K [0x00000000e0000000, 0x00000000f7980000, 0x0000000100000000)
  eden space 243712K, 0% used [0x00000000e0000000,0x00000000e0000000,0x00000000eee00000)
  from space 24064K, 4% used [0x00000000f1d00000,0x00000000f1dfdeb0,0x00000000f3480000)
  to   space 48128K, 0% used [0x00000000eee00000,0x00000000eee00000,0x00000000f1d00000)
 ParOldGen       total 272896K, used 128579K [0x00000000a0000000, 0x00000000b0a80000, 0x00000000e0000000)
  object space 272896K, 47% used [0x00000000a0000000,0x00000000a7d90ed8,0x00000000b0a80000)
 Metaspace       used 74037K, capacity 76718K, committed 77144K, reserved 1116160K
  class space    used 9705K, capacity 10267K, committed 10368K, reserved 1048576K
}
Event: 64.431 GC heap before
{Heap before GC invocations=21 (full 4):
 PSYoungGen      total 267776K, used 244715K [0x00000000e0000000, 0x00000000f7980000, 0x0000000100000000)
  eden space 243712K, 99% used [0x00000000e0000000,0x00000000eedfd128,0x00000000eee00000)
  from space 24064K, 4% used [0x00000000f1d00000,0x00000000f1dfdeb0,0x00000000f3480000)
  to   space 48128K, 0% used [0x00000000eee00000,0x00000000eee00000,0x00000000f1d00000)
 ParOldGen       total 272896K, used 128579K [0x00000000a0000000, 0x00000000b0a80000, 0x00000000e0000000)
  object space 272896K, 47% used [0x00000000a0000000,0x00000000a7d90ed8,0x00000000b0a80000)
 Metaspace       used 74180K, capacity 76878K, committed 77144K, reserved 1116160K
  class space    used 9717K, capacity 10299K, committed 10368K, reserved 1048576K
Event: 64.647 GC heap after
Heap after GC invocations=21 (full 4):
 PSYoungGen      total 291840K, used 48101K [0x00000000e0000000, 0x00000000f7980000, 0x0000000100000000)
  eden space 243712K, 0% used [0x00000000e0000000,0x00000000e0000000,0x00000000eee00000)
  from space 48128K, 99% used [0x00000000eee00000,0x00000000f1cf95a0,0x00000000f1d00000)
  to   space 24064K, 0% used [0x00000000f1d00000,0x00000000f1d00000,0x00000000f3480000)
 ParOldGen       total 272896K, used 166661K [0x00000000a0000000, 0x00000000b0a80000, 0x00000000e0000000)
  object space 272896K, 61% used [0x00000000a0000000,0x00000000aa2c1468,0x00000000b0a80000)
 Metaspace       used 74180K, capacity 76878K, committed 77144K, reserved 1116160K
  class space    used 9717K, capacity 10299K, committed 10368K, reserved 1048576K
}

Deoptimization events (10 events):
Event: 65.422 Thread 0x000000001a091800 Uncommon trap: reason=class_check action=maybe_recompile pc=0x00000000052bafe0 method=com.android.tools.r8.utils.O.next()Lcom/android/tools/r8/graph/C; @ 137
Event: 65.422 Thread 0x000000001a091800 Uncommon trap: reason=class_check action=maybe_recompile pc=0x00000000052bafe0 method=com.android.tools.r8.utils.O.next()Lcom/android/tools/r8/graph/C; @ 137
Event: 65.422 Thread 0x000000001a091800 Uncommon trap: reason=class_check action=maybe_recompile pc=0x00000000052bafe0 method=com.android.tools.r8.utils.O.next()Lcom/android/tools/r8/graph/C; @ 137
Event: 65.422 Thread 0x000000001a091800 Uncommon trap: reason=class_check action=maybe_recompile pc=0x00000000052bafe0 method=com.android.tools.r8.utils.O.next()Lcom/android/tools/r8/graph/C; @ 137
Event: 65.430 Thread 0x000000001a091800 Uncommon trap: reason=class_check action=maybe_recompile pc=0x0000000005640f54 method=com.android.tools.r8.utils.O.next()Lcom/android/tools/r8/graph/C; @ 222
Event: 65.431 Thread 0x000000001a091800 Uncommon trap: reason=class_check action=maybe_recompile pc=0x0000000005640f54 method=com.android.tools.r8.utils.O.next()Lcom/android/tools/r8/graph/C; @ 222
Event: 65.456 Thread 0x000000001a091800 Uncommon trap: reason=unloaded action=reinterpret pc=0x0000000004d43308 method=com.android.tools.r8.utils.DescriptorUtils.a(Ljava/lang/String;Lcom/android/tools/r8/naming/ClassNameMapper;)Ljava/lang/String; @ 180
Event: 65.979 Thread 0x000000001a091800 Uncommon trap: reason=unstable_if action=reinterpret pc=0x00000000055ce3bc method=java.util.TimSort.mergeLo(IIII)V @ 513
Event: 65.984 Thread 0x000000001a091800 Uncommon trap: reason=unstable_if action=reinterpret pc=0x0000000005249a54 method=java.util.TimSort.mergeHi(IIII)V @ 584
Event: 66.156 Thread 0x000000001a091800 Uncommon trap: reason=unstable_if action=reinterpret pc=0x0000000005204060 method=com.android.tools.r8.dex.DexOutputBuffer.j(I)V @ 8

Classes redefined (0 events):
No events

Internal exceptions (10 events):
Event: 58.445 Thread 0x0000000019543000 Implicit null exception at 0x00000000049dd13f to 0x00000000049dd995
Event: 58.965 Thread 0x0000000019543000 Exception <a 'java/lang/NoSuchMethodError': <clinit>> (0x00000000e278c0a8) thrown at [D:\src\AOSP-openjdk-cygwin\jdk8u\hotspot\src\share\vm\prims\jni.cpp, line 1614]
Event: 58.970 Thread 0x0000000019543000 Exception <a 'java/lang/NoSuchMethodError': <clinit>> (0x00000000e279f2d8) thrown at [D:\src\AOSP-openjdk-cygwin\jdk8u\hotspot\src\share\vm\prims\jni.cpp, line 1614]
Event: 59.272 Thread 0x000000001a08e000 Exception <a 'sun/nio/fs/WindowsException'> (0x00000000e4541fa8) thrown at [D:\src\AOSP-openjdk-cygwin\jdk8u\hotspot\src\share\vm\prims\jni.cpp, line 710]
Event: 59.724 Thread 0x000000001a08f800 Exception <a 'sun/nio/fs/WindowsException'> (0x00000000eae37520) thrown at [D:\src\AOSP-openjdk-cygwin\jdk8u\hotspot\src\share\vm\prims\jni.cpp, line 710]
Event: 59.742 Thread 0x000000001a089800 Implicit null exception at 0x00000000045d556f to 0x00000000045d5661
Event: 61.094 Thread 0x000000001a096000 Exception <a 'sun/nio/fs/WindowsException'> (0x00000000e4039c90) thrown at [D:\src\AOSP-openjdk-cygwin\jdk8u\hotspot\src\share\vm\prims\jni.cpp, line 710]
Event: 61.779 Thread 0x000000001a08e000 Implicit null exception at 0x0000000004a0d5f4 to 0x0000000004a0d849
Event: 65.132 Thread 0x000000001a091800 Implicit null exception at 0x0000000003d32f0f to 0x0000000003d3307d
Event: 65.379 Thread 0x000000001a089800 Implicit null exception at 0x00000000055ed402 to 0x00000000055ed61a

Events (10 events):
Event: 65.984 Thread 0x000000001a091800 Uncommon trap: trap_request=0xffffff65 fr.pc=0x0000000005249a54
Event: 65.984 Thread 0x000000001a091800 DEOPT PACKING pc=0x0000000005249a54 sp=0x0000000025bae8d0
Event: 65.984 Thread 0x000000001a091800 DEOPT UNPACKING pc=0x000000000318557b sp=0x0000000025bae8b0 mode 2
Event: 66.098 Thread 0x000000001a091800 DEOPT PACKING pc=0x00000000056af8be sp=0x0000000025bae8c0
Event: 66.098 Thread 0x000000001a091800 DEOPT UNPACKING pc=0x00000000031875d0 sp=0x0000000025bae630 mode 0
Event: 66.156 Thread 0x000000001a091800 Uncommon trap: trap_request=0xffffff65 fr.pc=0x0000000005204060
Event: 66.156 Thread 0x000000001a091800 DEOPT PACKING pc=0x0000000005204060 sp=0x0000000025baec20
Event: 66.156 Thread 0x000000001a091800 DEOPT UNPACKING pc=0x000000000318557b sp=0x0000000025baeba0 mode 2
Event: 66.254 Thread 0x000000001a089800 DEOPT PACKING pc=0x00000000052973a3 sp=0x0000000025aaed60
Event: 66.254 Thread 0x000000001a089800 DEOPT UNPACKING pc=0x00000000031875d0 sp=0x0000000025aaebb8 mode 0


Dynamic libraries:
0x00007ff70dab0000 - 0x00007ff70dae1000 	C:\Program Files\Android\Android Studio\jre\bin\java.exe
0x00007fff2baa0000 - 0x00007fff2bc90000 	C:\WINDOWS\SYSTEM32\ntdll.dll
0x00007fff2b0a0000 - 0x00007fff2b152000 	C:\WINDOWS\System32\KERNEL32.DLL
0x00007fff28c50000 - 0x00007fff28ef3000 	C:\WINDOWS\System32\KERNELBASE.dll
0x00007fff2a160000 - 0x00007fff2a203000 	C:\WINDOWS\System32\ADVAPI32.dll
0x00007fff2a700000 - 0x00007fff2a79e000 	C:\WINDOWS\System32\msvcrt.dll
0x00007fff2b600000 - 0x00007fff2b697000 	C:\WINDOWS\System32\sechost.dll
0x00007fff2a810000 - 0x00007fff2a930000 	C:\WINDOWS\System32\RPCRT4.dll
0x00007fff29fc0000 - 0x00007fff2a154000 	C:\WINDOWS\System32\USER32.dll
0x00007fff28fb0000 - 0x00007fff28fd1000 	C:\WINDOWS\System32\win32u.dll
0x00007fff2b550000 - 0x00007fff2b576000 	C:\WINDOWS\System32\GDI32.dll
0x00007fff29920000 - 0x00007fff29ab4000 	C:\WINDOWS\System32\gdi32full.dll
0x00007fff29100000 - 0x00007fff2919e000 	C:\WINDOWS\System32\msvcp_win.dll
0x00007fff29000000 - 0x00007fff290fa000 	C:\WINDOWS\System32\ucrtbase.dll
0x00007fff20eb0000 - 0x00007fff21135000 	C:\WINDOWS\WinSxS\amd64_microsoft.windows.common-controls_6595b64144ccf1df_6.0.18362.418_none_e6c6b287130d565d\COMCTL32.dll
0x00007fff2b6a0000 - 0x00007fff2b9d6000 	C:\WINDOWS\System32\combase.dll
0x00007fff28bd0000 - 0x00007fff28c50000 	C:\WINDOWS\System32\bcryptPrimitives.dll
0x00007fff2a430000 - 0x00007fff2a45e000 	C:\WINDOWS\System32\IMM32.DLL
0x0000000056000000 - 0x00000000560d2000 	C:\Program Files\Android\Android Studio\jre\jre\bin\msvcr100.dll
0x00000000561c0000 - 0x0000000056a06000 	C:\Program Files\Android\Android Studio\jre\jre\bin\server\jvm.dll
0x00007fff2b360000 - 0x00007fff2b368000 	C:\WINDOWS\System32\PSAPI.DLL
0x00007fff272c0000 - 0x00007fff272c9000 	C:\WINDOWS\SYSTEM32\WSOCK32.dll
0x00007fff2b580000 - 0x00007fff2b5ef000 	C:\WINDOWS\System32\WS2_32.dll
0x00007fff26370000 - 0x00007fff26394000 	C:\WINDOWS\SYSTEM32\WINMM.dll
0x00007fff22e00000 - 0x00007fff22e0a000 	C:\WINDOWS\SYSTEM32\VERSION.dll
0x00007fff25c60000 - 0x00007fff25c8d000 	C:\WINDOWS\SYSTEM32\winmmbase.dll
0x00007fff28a30000 - 0x00007fff28a7a000 	C:\WINDOWS\System32\cfgmgr32.dll
0x00007fff26480000 - 0x00007fff2648f000 	C:\Program Files\Android\Android Studio\jre\jre\bin\verify.dll
0x00007fff26450000 - 0x00007fff26479000 	C:\Program Files\Android\Android Studio\jre\jre\bin\java.dll
0x00007fff26410000 - 0x00007fff26426000 	C:\Program Files\Android\Android Studio\jre\jre\bin\zip.dll
0x00007fff2a990000 - 0x00007fff2b075000 	C:\WINDOWS\System32\SHELL32.dll
0x00007fff2a650000 - 0x00007fff2a6f9000 	C:\WINDOWS\System32\shcore.dll
0x00007fff291a0000 - 0x00007fff2991f000 	C:\WINDOWS\System32\windows.storage.dll
0x00007fff289f0000 - 0x00007fff28a0f000 	C:\WINDOWS\System32\profapi.dll
0x00007fff289a0000 - 0x00007fff289ea000 	C:\WINDOWS\System32\powrprof.dll
0x00007fff28970000 - 0x00007fff28980000 	C:\WINDOWS\System32\UMPDC.dll
0x00007fff2a930000 - 0x00007fff2a982000 	C:\WINDOWS\System32\shlwapi.dll
0x00007fff28a10000 - 0x00007fff28a21000 	C:\WINDOWS\System32\kernel.appcore.dll
0x00007fff28fe0000 - 0x00007fff28ff7000 	C:\WINDOWS\System32\cryptsp.dll
0x00007fff263f0000 - 0x00007fff2640a000 	C:\Program Files\Android\Android Studio\jre\jre\bin\net.dll
0x00007fff281e0000 - 0x00007fff28247000 	C:\WINDOWS\system32\mswsock.dll
0x00007fff263d0000 - 0x00007fff263e1000 	C:\Program Files\Android\Android Studio\jre\jre\bin\nio.dll
0x00007fff1e060000 - 0x00007fff1e086000 	C:\Users\rrpal\.gradle\native\29\windows-amd64\native-platform.dll
0x00007fff263c0000 - 0x00007fff263cd000 	C:\Program Files\Android\Android Studio\jre\jre\bin\management.dll
0x00007fff27cf0000 - 0x00007fff27d23000 	C:\WINDOWS\system32\rsaenh.dll
0x00007fff29ac0000 - 0x00007fff29ae6000 	C:\WINDOWS\System32\bcrypt.dll
0x00007fff28860000 - 0x00007fff28885000 	C:\WINDOWS\SYSTEM32\USERENV.dll
0x00007fff283b0000 - 0x00007fff283bc000 	C:\WINDOWS\SYSTEM32\CRYPTBASE.dll
0x00007fff27e90000 - 0x00007fff27eca000 	C:\WINDOWS\SYSTEM32\IPHLPAPI.DLL
0x00007fff2a420000 - 0x00007fff2a428000 	C:\WINDOWS\System32\NSI.dll
0x00007fff20ae0000 - 0x00007fff20af6000 	C:\WINDOWS\SYSTEM32\dhcpcsvc6.DLL
0x00007fff20ac0000 - 0x00007fff20adc000 	C:\WINDOWS\SYSTEM32\dhcpcsvc.DLL
0x00007fff27ed0000 - 0x00007fff27f9a000 	C:\WINDOWS\SYSTEM32\DNSAPI.dll

VM Arguments:
jvm_args: -Xmx1536m -Dfile.encoding=windows-1252 -Duser.country=BR -Duser.language=pt -Duser.variant 
java_command: org.gradle.launcher.daemon.bootstrap.GradleDaemon 5.4.1
java_class_path (initial): C:\Users\rrpal\.gradle\wrapper\dists\gradle-5.4.1-all\3221gyojl5jsh0helicew7rwx\gradle-5.4.1\lib\gradle-launcher-5.4.1.jar
Launcher Type: SUN_STANDARD

Environment Variables:
PATH=C:\Program Files (x86)\NVIDIA Corporation\PhysX\Common;C:\WINDOWS\system32;C:\WINDOWS;C:\WINDOWS\System32\Wbem;C:\WINDOWS\System32\WindowsPowerShell\v1.0\;C:\WINDOWS\System32\OpenSSH\;C:\Users\rrpal\AppData\Local\Microsoft\WindowsApps;
USERNAME=rrpal
OS=Windows_NT
PROCESSOR_IDENTIFIER=Intel64 Family 6 Model 42 Stepping 7, GenuineIntel



---------------  S Y S T E M  ---------------

OS: Windows 10.0 , 64 bit Build 18362 (10.0.18362.329)

CPU:total 4 (initial active 4) (4 cores per cpu, 1 threads per core) family 6 model 42 stepping 7, cmov, cx8, fxsr, mmx, sse, sse2, sse3, ssse3, sse4.1, sse4.2, popcnt, avx, aes, clmul, tsc, tscinvbit

Memory: 4k page, physical 8365488k(1808104k free), swap 33531312k(5232k free)

vm_info: OpenJDK 64-Bit Server VM (25.202-b03) for windows-amd64 JRE (1.8.0_202-release-1483-b03), built by "builder" with MS VC++ 10.0 (VS2010)

time: Tue Oct 22 21:14:20 2019
timezone: Hora oficial do Brasil
elapsed time: 67 seconds (0d 0h 1m 7s)

