#
# There is insufficient memory for the Java Runtime Environment to continue.
# Native memory allocation (malloc) failed to allocate 1038416 bytes for Chunk::new
# Possible reasons:
#   The system is out of physical RAM or swap space
#   The process is running with CompressedOops enabled, and the Java Heap may be blocking the growth of the native heap
# Possible solutions:
#   Reduce memory load on the system
#   Increase physical memory or swap space
#   Check if swap backing store is full
#   Decrease Java heap size (-Xmx/-Xms)
#   Decrease number of Java threads
#   Decrease Java thread stack sizes (-Xss)
#   Set larger code cache with -XX:ReservedCodeCacheSize=
#   JVM is running with Unscaled Compressed Oops mode in which the Java heap is
#     placed in the first 4GB address space. The Java Heap base address is the
#     maximum limit for the native heap growth. Please use -XX:HeapBaseMinAddress
#     to set the Java Heap base and to place the Java Heap above 4GB virtual address.
# This output file may be truncated or incomplete.
#
#  Out of Memory Error (allocation.cpp:389), pid=11548, tid=0x0000000000000af4
#
# JRE version: OpenJDK Runtime Environment (8.0_202-b03) (build 1.8.0_202-release-1483-b03)
# Java VM: OpenJDK 64-Bit Server VM (25.202-b03 mixed mode windows-amd64 compressed oops)
# Failed to write core dump. Minidumps are not enabled by default on client versions of Windows
#

---------------  T H R E A D  ---------------

Current thread (0x0000000016c58000):  JavaThread "C2 CompilerThread0" daemon [_thread_in_native, id=2804, stack(0x00000000182c0000,0x00000000183c0000)]

Stack: [0x00000000182c0000,0x00000000183c0000]
[error occurred during error reporting (printing stack bounds), id 0xc0000005]

Native frames: (J=compiled Java code, j=interpreted, Vv=VM code, C=native code)


Current CompileTask:
C2:  14044 7385   !   4       java.nio.file.FileTreeWalker::next (144 bytes)


---------------  P R O C E S S  ---------------

Java Threads: ( => current thread )
  0x000000001cced000 JavaThread "Cache worker for execution history cache (C:\Users\rrpal\AndroidStudioProjects\RRPremios\.gradle\5.4.1\executionHistory)" [_thread_blocked, id=8600, stack(0x0000000024110000,0x0000000024210000)]
  0x000000001ccf0000 JavaThread "Execution worker for ':' Thread 3" [_thread_blocked, id=9212, stack(0x0000000024010000,0x0000000024110000)]
  0x000000001ccee800 JavaThread "Execution worker for ':' Thread 2" [_thread_in_Java, id=13752, stack(0x0000000023f10000,0x0000000024010000)]
  0x000000001ccf4000 JavaThread "Execution worker for ':'" [_thread_blocked, id=8620, stack(0x00000000235d0000,0x00000000236d0000)]
  0x000000001ccf2800 JavaThread "Cache worker for file content cache (C:\Users\rrpal\AndroidStudioProjects\RRPremios\.gradle\5.4.1\fileContent)" [_thread_blocked, id=11636, stack(0x00000000234d0000,0x00000000235d0000)]
  0x000000001ccee000 JavaThread "Cache worker for file content cache (C:\Users\rrpal\.gradle\caches\5.4.1\fileContent)" [_thread_blocked, id=11144, stack(0x00000000233d0000,0x00000000234d0000)]
  0x000000001cce5800 JavaThread "Memory manager" [_thread_blocked, id=9380, stack(0x00000000232d0000,0x00000000233d0000)]
  0x000000001cceb000 JavaThread "Cache worker for Build Output Cleanup Cache (C:\Users\rrpal\AndroidStudioProjects\RRPremios\.gradle\buildOutputCleanup)" [_thread_blocked, id=14608, stack(0x00000000229d0000,0x0000000022ad0000)]
  0x000000001ccea000 JavaThread "pool-1-thread-1" [_thread_blocked, id=12688, stack(0x0000000022050000,0x0000000022150000)]
  0x000000001cce6000 JavaThread "Build operations Thread 4" [_thread_blocked, id=10016, stack(0x0000000021f50000,0x0000000022050000)]
  0x000000001cce4800 JavaThread "Build operations Thread 3" [_thread_blocked, id=11276, stack(0x0000000021e50000,0x0000000021f50000)]
  0x000000001cce9800 JavaThread "Build operations Thread 2" [_thread_blocked, id=776, stack(0x0000000021d50000,0x0000000021e50000)]
  0x000000001cce8800 JavaThread "Build operations" [_thread_blocked, id=3032, stack(0x0000000021c50000,0x0000000021d50000)]
  0x000000001cce7800 JavaThread "Cache worker for execution history cache (C:\Users\rrpal\.gradle\caches\5.4.1\executionHistory)" [_thread_blocked, id=1872, stack(0x0000000021950000,0x0000000021a50000)]
  0x000000001cceb800 JavaThread "Cache worker for cache directory md-rule (C:\Users\rrpal\.gradle\caches\5.4.1\md-rule)" [_thread_blocked, id=6364, stack(0x0000000021850000,0x0000000021950000)]
  0x00000000197d1000 JavaThread "Cache worker for cache directory md-supplier (C:\Users\rrpal\.gradle\caches\5.4.1\md-supplier)" [_thread_blocked, id=11148, stack(0x0000000021750000,0x0000000021850000)]
  0x00000000197d3800 JavaThread "Cache worker for file hash cache (C:\Users\rrpal\AndroidStudioProjects\RRPremios\.gradle\5.4.1\fileHashes)" [_thread_blocked, id=6632, stack(0x000000001eca0000,0x000000001eda0000)]
  0x00000000197d2000 JavaThread "Cache worker for journal cache (C:\Users\rrpal\.gradle\caches\journal-1)" [_thread_blocked, id=14004, stack(0x000000001ba30000,0x000000001bb30000)]
  0x00000000197d5800 JavaThread "File lock request listener" [_thread_in_native, id=9168, stack(0x000000001b730000,0x000000001b830000)]
  0x00000000197cf800 JavaThread "Cache worker for file hash cache (C:\Users\rrpal\.gradle\caches\5.4.1\fileHashes)" [_thread_blocked, id=12620, stack(0x000000001b630000,0x000000001b730000)]
  0x000000001a02a000 JavaThread "Thread-9" [_thread_blocked, id=4940, stack(0x000000001b530000,0x000000001b630000)]
  0x000000001890e000 JavaThread "Stdin handler" [_thread_blocked, id=12308, stack(0x000000001b430000,0x000000001b530000)]
  0x0000000018907800 JavaThread "Asynchronous log dispatcher for DefaultDaemonConnection: socket connection from /127.0.0.1:63139 to /127.0.0.1:63140" [_thread_blocked, id=13116, stack(0x000000001b330000,0x000000001b430000)]
  0x0000000018912800 JavaThread "Daemon worker" [_thread_blocked, id=5188, stack(0x000000001b230000,0x000000001b330000)]
  0x0000000018912000 JavaThread "Cancel handler" [_thread_blocked, id=7652, stack(0x000000001b130000,0x000000001b230000)]
  0x00000000187da000 JavaThread "Handler for socket connection from /127.0.0.1:63139 to /127.0.0.1:63140" [_thread_in_native, id=15028, stack(0x000000001ae30000,0x000000001af30000)]
  0x00000000187d7800 JavaThread "Daemon" [_thread_blocked, id=1652, stack(0x000000001ad30000,0x000000001ae30000)]
  0x00000000188b1800 JavaThread "Daemon periodic checks" [_thread_blocked, id=988, stack(0x000000001ac30000,0x000000001ad30000)]
  0x00000000188b0800 JavaThread "Incoming local TCP Connector on port 63139" [_thread_in_native, id=6124, stack(0x000000001a9d0000,0x000000001aad0000)]
  0x0000000019d80000 JavaThread "Daemon health stats" [_thread_blocked, id=15264, stack(0x000000001a390000,0x000000001a490000)]
  0x0000000016cbe800 JavaThread "Service Thread" daemon [_thread_blocked, id=7544, stack(0x00000000189c0000,0x0000000018ac0000)]
  0x0000000016c90000 JavaThread "C1 CompilerThread2" daemon [_thread_blocked, id=10292, stack(0x00000000184c0000,0x00000000185c0000)]
  0x0000000016c6f000 JavaThread "C2 CompilerThread1" daemon [_thread_blocked, id=7124, stack(0x00000000183c0000,0x00000000184c0000)]
=>0x0000000016c58000 JavaThread "C2 CompilerThread0" daemon [_thread_in_native, id=2804, stack(0x00000000182c0000,0x00000000183c0000)]
  0x0000000016c65800 JavaThread "Attach Listener" daemon [_thread_blocked, id=5388, stack(0x00000000181c0000,0x00000000182c0000)]
  0x0000000016c64800 JavaThread "Signal Dispatcher" daemon [_thread_blocked, id=12192, stack(0x00000000180c0000,0x00000000181c0000)]
  0x00000000032eb000 JavaThread "Finalizer" daemon [_thread_blocked, id=11740, stack(0x0000000017eb0000,0x0000000017fb0000)]
  0x0000000016c49000 JavaThread "Reference Handler" daemon [_thread_blocked, id=3548, stack(0x0000000017db0000,0x0000000017eb0000)]
  0x0000000002fbd800 JavaThread "main" [_thread_blocked, id=13332, stack(0x00000000030f0000,0x00000000031f0000)]

Other Threads:
  0x0000000016c26000 VMThread [stack: 0x0000000017cb0000,0x0000000017db0000] [id=11432]
  0x00000000185f2000 WatcherThread [stack: 0x0000000018ac0000,0x0000000018bc0000] [id=5572]

VM state:not at safepoint (normal execution)

VM Mutex/Monitor currently owned by a thread: None

heap address: 0x00000000a0000000, size: 1536 MB, Compressed Oops mode: 32-bit
Narrow klass base: 0x0000000000000000, Narrow klass shift: 3
Compressed class space size: 1073741824 Address: 0x0000000100000000

Heap:
 PSYoungGen      total 176128K, used 115384K [0x00000000e0000000, 0x00000000ebd80000, 0x0000000100000000)
  eden space 159744K, 72% used [0x00000000e0000000,0x00000000e70ae3d0,0x00000000e9c00000)
  from space 16384K, 0% used [0x00000000eab80000,0x00000000eab80000,0x00000000ebb80000)
  to   space 15872K, 0% used [0x00000000e9c00000,0x00000000e9c00000,0x00000000eab80000)
 ParOldGen       total 111616K, used 35022K [0x00000000a0000000, 0x00000000a6d00000, 0x00000000e0000000)
  object space 111616K, 31% used [0x00000000a0000000,0x00000000a2233950,0x00000000a6d00000)
 Metaspace       used 60250K, capacity 62132K, committed 62296K, reserved 1103872K
  class space    used 8150K, capacity 8576K, committed 8576K, reserved 1048576K

Card table byte_map: [0x00000000126b0000,0x00000000129c0000] byte_map_base: 0x00000000121b0000

Marking Bits: (ParMarkBitMap*) 0x0000000056989f30
 Begin Bits: [0x0000000012fc0000, 0x00000000147c0000)
 End Bits:   [0x00000000147c0000, 0x0000000015fc0000)

Polling page: 0x00000000018d0000

CodeCache: size=245760Kb used=22180Kb max_used=22551Kb free=223579Kb
 bounds [0x00000000032f0000, 0x0000000004910000, 0x00000000122f0000]
 total_blobs=7635 nmethods=6826 adapters=722
 compilation: enabled

Compilation events (10 events):
Event: 14.014 Thread 0x0000000016c90000 7408       3       java.time.temporal.ValueRange::getMaximum (5 bytes)
Event: 14.015 Thread 0x0000000016c90000 nmethod 7408 0x00000000048e6b50 code [0x00000000048e6ca0, 0x00000000048e6df0]
Event: 14.015 Thread 0x0000000016c90000 7407       3       java.time.temporal.ValueRange::getMinimum (5 bytes)
Event: 14.015 Thread 0x0000000016c90000 nmethod 7407 0x0000000003493510 code [0x0000000003493660, 0x00000000034937b0]
Event: 14.015 Thread 0x0000000016c90000 7406       1       java.time.temporal.ChronoField::range (5 bytes)
Event: 14.016 Thread 0x0000000016c90000 nmethod 7406 0x00000000036a3b90 code [0x00000000036a3ce0, 0x00000000036a3df0]
Event: 14.016 Thread 0x0000000016c90000 7411       3       java.time.temporal.ValueRange::isValidValue (24 bytes)
Event: 14.016 Thread 0x0000000016c90000 nmethod 7411 0x00000000038f62d0 code [0x00000000038f6440, 0x00000000038f67f0]
Event: 14.017 Thread 0x0000000016c90000 7412       3       java.lang.Math::floorDiv (31 bytes)
Event: 14.017 Thread 0x0000000016c90000 nmethod 7412 0x0000000004901f10 code [0x0000000004902060, 0x0000000004902270]

GC Heap History (10 events):
Event: 5.811 GC heap before
{Heap before GC invocations=13 (full 2):
 PSYoungGen      total 88064K, used 366K [0x00000000e0000000, 0x00000000e8b00000, 0x0000000100000000)
  eden space 77824K, 0% used [0x00000000e0000000,0x00000000e0000000,0x00000000e4c00000)
  from space 10240K, 3% used [0x00000000e4c00000,0x00000000e4c5bbc0,0x00000000e5600000)
  to   space 11264K, 0% used [0x00000000e8000000,0x00000000e8000000,0x00000000e8b00000)
 ParOldGen       total 56320K, used 17044K [0x00000000a0000000, 0x00000000a3700000, 0x00000000e0000000)
  object space 56320K, 30% used [0x00000000a0000000,0x00000000a10a5378,0x00000000a3700000)
 Metaspace       used 34631K, capacity 35412K, committed 35456K, reserved 1079296K
  class space    used 4777K, capacity 4964K, committed 4992K, reserved 1048576K
Event: 5.894 GC heap after
Heap after GC invocations=13 (full 2):
 PSYoungGen      total 88064K, used 0K [0x00000000e0000000, 0x00000000e8b00000, 0x0000000100000000)
  eden space 77824K, 0% used [0x00000000e0000000,0x00000000e0000000,0x00000000e4c00000)
  from space 10240K, 0% used [0x00000000e4c00000,0x00000000e4c00000,0x00000000e5600000)
  to   space 11264K, 0% used [0x00000000e8000000,0x00000000e8000000,0x00000000e8b00000)
 ParOldGen       total 75264K, used 16092K [0x00000000a0000000, 0x00000000a4980000, 0x00000000e0000000)
  object space 75264K, 21% used [0x00000000a0000000,0x00000000a0fb7158,0x00000000a4980000)
 Metaspace       used 34617K, capacity 35364K, committed 35456K, reserved 1079296K
  class space    used 4773K, capacity 4956K, committed 4992K, reserved 1048576K
}
Event: 7.041 GC heap before
{Heap before GC invocations=14 (full 2):
 PSYoungGen      total 88064K, used 77824K [0x00000000e0000000, 0x00000000e8b00000, 0x0000000100000000)
  eden space 77824K, 100% used [0x00000000e0000000,0x00000000e4c00000,0x00000000e4c00000)
  from space 10240K, 0% used [0x00000000e4c00000,0x00000000e4c00000,0x00000000e5600000)
  to   space 11264K, 0% used [0x00000000e8000000,0x00000000e8000000,0x00000000e8b00000)
 ParOldGen       total 75264K, used 16092K [0x00000000a0000000, 0x00000000a4980000, 0x00000000e0000000)
  object space 75264K, 21% used [0x00000000a0000000,0x00000000a0fb7158,0x00000000a4980000)
 Metaspace       used 43410K, capacity 44290K, committed 44544K, reserved 1087488K
  class space    used 5877K, capacity 6127K, committed 6144K, reserved 1048576K
Event: 7.055 GC heap after
Heap after GC invocations=14 (full 2):
 PSYoungGen      total 123392K, used 10712K [0x00000000e0000000, 0x00000000e8a80000, 0x0000000100000000)
  eden space 112640K, 0% used [0x00000000e0000000,0x00000000e0000000,0x00000000e6e00000)
  from space 10752K, 99% used [0x00000000e8000000,0x00000000e8a76290,0x00000000e8a80000)
  to   space 12288K, 0% used [0x00000000e7280000,0x00000000e7280000,0x00000000e7e80000)
 ParOldGen       total 75264K, used 16100K [0x00000000a0000000, 0x00000000a4980000, 0x00000000e0000000)
  object space 75264K, 21% used [0x00000000a0000000,0x00000000a0fb9158,0x00000000a4980000)
 Metaspace       used 43410K, capacity 44290K, committed 44544K, reserved 1087488K
  class space    used 5877K, capacity 6127K, committed 6144K, reserved 1048576K
}
Event: 8.989 GC heap before
{Heap before GC invocations=15 (full 2):
 PSYoungGen      total 123392K, used 123352K [0x00000000e0000000, 0x00000000e8a80000, 0x0000000100000000)
  eden space 112640K, 100% used [0x00000000e0000000,0x00000000e6e00000,0x00000000e6e00000)
  from space 10752K, 99% used [0x00000000e8000000,0x00000000e8a76290,0x00000000e8a80000)
  to   space 12288K, 0% used [0x00000000e7280000,0x00000000e7280000,0x00000000e7e80000)
 ParOldGen       total 75264K, used 16100K [0x00000000a0000000, 0x00000000a4980000, 0x00000000e0000000)
  object space 75264K, 21% used [0x00000000a0000000,0x00000000a0fb9158,0x00000000a4980000)
 Metaspace       used 51702K, capacity 53100K, committed 53248K, reserved 1095680K
  class space    used 7009K, capacity 7395K, committed 7424K, reserved 1048576K
Event: 9.003 GC heap after
Heap after GC invocations=15 (full 2):
 PSYoungGen      total 129536K, used 12268K [0x00000000e0000000, 0x00000000ebb80000, 0x0000000100000000)
  eden space 117248K, 0% used [0x00000000e0000000,0x00000000e0000000,0x00000000e7280000)
  from space 12288K, 99% used [0x00000000e7280000,0x00000000e7e7b320,0x00000000e7e80000)
  to   space 16384K, 0% used [0x00000000eab80000,0x00000000eab80000,0x00000000ebb80000)
 ParOldGen       total 75264K, used 22148K [0x00000000a0000000, 0x00000000a4980000, 0x00000000e0000000)
  object space 75264K, 29% used [0x00000000a0000000,0x00000000a15a1388,0x00000000a4980000)
 Metaspace       used 51702K, capacity 53100K, committed 53248K, reserved 1095680K
  class space    used 7009K, capacity 7395K, committed 7424K, reserved 1048576K
}
Event: 11.521 GC heap before
{Heap before GC invocations=16 (full 2):
 PSYoungGen      total 129536K, used 109640K [0x00000000e0000000, 0x00000000ebb80000, 0x0000000100000000)
  eden space 117248K, 83% used [0x00000000e0000000,0x00000000e5f17020,0x00000000e7280000)
  from space 12288K, 99% used [0x00000000e7280000,0x00000000e7e7b320,0x00000000e7e80000)
  to   space 16384K, 0% used [0x00000000eab80000,0x00000000eab80000,0x00000000ebb80000)
 ParOldGen       total 75264K, used 22148K [0x00000000a0000000, 0x00000000a4980000, 0x00000000e0000000)
  object space 75264K, 29% used [0x00000000a0000000,0x00000000a15a1388,0x00000000a4980000)
 Metaspace       used 57490K, capacity 59074K, committed 59096K, reserved 1099776K
  class space    used 7789K, capacity 8185K, committed 8192K, reserved 1048576K
Event: 11.544 GC heap after
Heap after GC invocations=16 (full 2):
 PSYoungGen      total 176128K, used 8922K [0x00000000e0000000, 0x00000000ebd80000, 0x0000000100000000)
  eden space 159744K, 0% used [0x00000000e0000000,0x00000000e0000000,0x00000000e9c00000)
  from space 16384K, 54% used [0x00000000eab80000,0x00000000eb436908,0x00000000ebb80000)
  to   space 15872K, 0% used [0x00000000e9c00000,0x00000000e9c00000,0x00000000eab80000)
 ParOldGen       total 75264K, used 28119K [0x00000000a0000000, 0x00000000a4980000, 0x00000000e0000000)
  object space 75264K, 37% used [0x00000000a0000000,0x00000000a1b75c18,0x00000000a4980000)
 Metaspace       used 57490K, capacity 59074K, committed 59096K, reserved 1099776K
  class space    used 7789K, capacity 8185K, committed 8192K, reserved 1048576K
}
Event: 11.544 GC heap before
{Heap before GC invocations=17 (full 3):
 PSYoungGen      total 176128K, used 8922K [0x00000000e0000000, 0x00000000ebd80000, 0x0000000100000000)
  eden space 159744K, 0% used [0x00000000e0000000,0x00000000e0000000,0x00000000e9c00000)
  from space 16384K, 54% used [0x00000000eab80000,0x00000000eb436908,0x00000000ebb80000)
  to   space 15872K, 0% used [0x00000000e9c00000,0x00000000e9c00000,0x00000000eab80000)
 ParOldGen       total 75264K, used 28119K [0x00000000a0000000, 0x00000000a4980000, 0x00000000e0000000)
  object space 75264K, 37% used [0x00000000a0000000,0x00000000a1b75c18,0x00000000a4980000)
 Metaspace       used 57490K, capacity 59074K, committed 59096K, reserved 1099776K
  class space    used 7789K, capacity 8185K, committed 8192K, reserved 1048576K
Event: 11.879 GC heap after
Heap after GC invocations=17 (full 3):
 PSYoungGen      total 176128K, used 0K [0x00000000e0000000, 0x00000000ebd80000, 0x0000000100000000)
  eden space 159744K, 0% used [0x00000000e0000000,0x00000000e0000000,0x00000000e9c00000)
  from space 16384K, 0% used [0x00000000eab80000,0x00000000eab80000,0x00000000ebb80000)
  to   space 15872K, 0% used [0x00000000e9c00000,0x00000000e9c00000,0x00000000eab80000)
 ParOldGen       total 111616K, used 35022K [0x00000000a0000000, 0x00000000a6d00000, 0x00000000e0000000)
  object space 111616K, 31% used [0x00000000a0000000,0x00000000a2233950,0x00000000a6d00000)
 Metaspace       used 57490K, capacity 59074K, committed 59096K, reserved 1099776K
  class space    used 7789K, capacity 8185K, committed 8192K, reserved 1048576K
}

Deoptimization events (10 events):
Event: 12.603 Thread 0x000000001ccf0000 Uncommon trap: reason=class_check action=maybe_recompile pc=0x0000000003be941c method=java.util.Collections$SetFromMap.add(Ljava/lang/Object;)Z @ 8
Event: 12.604 Thread 0x000000001ccee800 Uncommon trap: reason=class_check action=maybe_recompile pc=0x0000000003be941c method=java.util.Collections$SetFromMap.add(Ljava/lang/Object;)Z @ 8
Event: 12.630 Thread 0x000000001cce7800 Uncommon trap: reason=bimorphic action=maybe_recompile pc=0x00000000034b1c4c method=java.util.Arrays.binarySearch0([Ljava/lang/Object;IILjava/lang/Object;Ljava/util/Comparator;)I @ 48
Event: 12.630 Thread 0x000000001cce7800 Uncommon trap: reason=bimorphic action=maybe_recompile pc=0x00000000034b1c4c method=java.util.Arrays.binarySearch0([Ljava/lang/Object;IILjava/lang/Object;Ljava/util/Comparator;)I @ 48
Event: 12.630 Thread 0x000000001cce7800 Uncommon trap: reason=bimorphic action=maybe_recompile pc=0x00000000034b1c4c method=java.util.Arrays.binarySearch0([Ljava/lang/Object;IILjava/lang/Object;Ljava/util/Comparator;)I @ 48
Event: 12.630 Thread 0x000000001cce7800 Uncommon trap: reason=bimorphic action=maybe_recompile pc=0x00000000034b1c4c method=java.util.Arrays.binarySearch0([Ljava/lang/Object;IILjava/lang/Object;Ljava/util/Comparator;)I @ 48
Event: 12.670 Thread 0x000000001ccf4000 Uncommon trap: reason=class_check action=maybe_recompile pc=0x000000000437b814 method=java.util.Collections$SetFromMap.remove(Ljava/lang/Object;)Z @ 5
Event: 12.670 Thread 0x000000001ccee800 Uncommon trap: reason=class_check action=maybe_recompile pc=0x000000000437b814 method=java.util.Collections$SetFromMap.remove(Ljava/lang/Object;)Z @ 5
Event: 12.671 Thread 0x000000001ccf0000 Uncommon trap: reason=class_check action=maybe_recompile pc=0x000000000437b814 method=java.util.Collections$SetFromMap.remove(Ljava/lang/Object;)Z @ 5
Event: 12.676 Thread 0x000000001ccf4000 Uncommon trap: reason=class_check action=maybe_recompile pc=0x000000000437b814 method=java.util.Collections$SetFromMap.remove(Ljava/lang/Object;)Z @ 5

Classes redefined (0 events):
No events

Internal exceptions (10 events):
Event: 12.140 Thread 0x0000000018912800 Exception <a 'java/lang/ClassNotFoundException': com/android/build/gradle/internal/tasks/IncrementalTaskBeanInfo> (0x00000000e0c90b68) thrown at [D:\src\AOSP-openjdk-cygwin\jdk8u\hotspot\src\share\vm\classfile\systemDictionary.cpp, line 210]
Event: 12.141 Thread 0x0000000018912800 Exception <a 'java/lang/ClassNotFoundException': com/android/build/gradle/internal/tasks/AndroidVariantTaskBeanInfo> (0x00000000e0cac510) thrown at [D:\src\AOSP-openjdk-cygwin\jdk8u\hotspot\src\share\vm\classfile\systemDictionary.cpp, line 210]
Event: 12.141 Thread 0x0000000018912800 Exception <a 'java/lang/ClassNotFoundException': com/android/build/gradle/internal/tasks/AndroidVariantTaskCustomizer> (0x00000000e0cc8e08) thrown at [D:\src\AOSP-openjdk-cygwin\jdk8u\hotspot\src\share\vm\classfile\systemDictionary.cpp, line 210]
Event: 12.142 Thread 0x0000000018912800 Exception <a 'java/lang/ClassNotFoundException': com/android/build/gradle/internal/tasks/IncrementalTaskCustomizer> (0x00000000e0cf5020) thrown at [D:\src\AOSP-openjdk-cygwin\jdk8u\hotspot\src\share\vm\classfile\systemDictionary.cpp, line 210]
Event: 12.143 Thread 0x0000000018912800 Exception <a 'java/lang/ClassNotFoundException': com/android/build/gradle/tasks/ResourceAwareTaskCustomizer> (0x00000000e0d209d8) thrown at [D:\src\AOSP-openjdk-cygwin\jdk8u\hotspot\src\share\vm\classfile\systemDictionary.cpp, line 210]
Event: 12.165 Thread 0x0000000018912800 Exception <a 'java/lang/ClassNotFoundException': com/android/build/gradle/tasks/MergeResourcesCustomizer> (0x00000000e0d59508) thrown at [D:\src\AOSP-openjdk-cygwin\jdk8u\hotspot\src\share\vm\classfile\systemDictionary.cpp, line 210]
Event: 12.167 Thread 0x0000000018912800 Exception <a 'java/lang/ClassNotFoundException': com/android/build/gradle/tasks/MergeResources_DecoratedCustomizer> (0x00000000e0da6048) thrown at [D:\src\AOSP-openjdk-cygwin\jdk8u\hotspot\src\share\vm\classfile\systemDictionary.cpp, line 210]
Event: 14.003 Thread 0x000000001a02a000 Exception <a 'java/lang/NoSuchMethodError': <clinit>> (0x00000000e6ed9d88) thrown at [D:\src\AOSP-openjdk-cygwin\jdk8u\hotspot\src\share\vm\prims\jni.cpp, line 1614]
Event: 14.006 Thread 0x000000001a02a000 Exception <a 'java/lang/NoSuchMethodError': <clinit>> (0x00000000e6ee5a90) thrown at [D:\src\AOSP-openjdk-cygwin\jdk8u\hotspot\src\share\vm\prims\jni.cpp, line 1614]
Event: 14.008 Thread 0x000000001a02a000 Exception <a 'java/lang/NoSuchMethodError': <clinit>> (0x00000000e6ef2010) thrown at [D:\src\AOSP-openjdk-cygwin\jdk8u\hotspot\src\share\vm\prims\jni.cpp, line 1614]

Events (10 events):
Event: 14.016 Thread 0x0000000016c90000 flushing nmethod 0x0000000003aafd50
Event: 14.016 Thread 0x0000000016c90000 flushing nmethod 0x0000000003ad3790
Event: 14.016 Thread 0x0000000016c90000 flushing nmethod 0x0000000003ad3f90
Event: 14.016 Thread 0x0000000016c90000 flushing nmethod 0x0000000003ad4d90
Event: 14.016 Thread 0x0000000016c90000 flushing nmethod 0x0000000003b21c10
Event: 14.016 Thread 0x0000000016c90000 flushing nmethod 0x0000000003b44150
Event: 14.016 Thread 0x0000000016c90000 flushing nmethod 0x0000000003b4bc90
Event: 14.016 loading class com/android/build/gradle/internal/profile/TaskProfilingRecord$Status
Event: 14.016 loading class com/android/build/gradle/internal/profile/TaskProfilingRecord$Status done
Event: 14.016 Thread 0x0000000016c90000 flushing nmethod 0x0000000003bdd7d0


Dynamic libraries:
0x00007ff70dab0000 - 0x00007ff70dae1000 	C:\Program Files\Android\Android Studio\jre\bin\java.exe
0x00007fff2baa0000 - 0x00007fff2bc90000 	C:\WINDOWS\SYSTEM32\ntdll.dll
0x00007fff2b0a0000 - 0x00007fff2b152000 	C:\WINDOWS\System32\KERNEL32.DLL
0x00007fff28c50000 - 0x00007fff28ef3000 	C:\WINDOWS\System32\KERNELBASE.dll
0x00007fff2a160000 - 0x00007fff2a203000 	C:\WINDOWS\System32\ADVAPI32.dll
0x00007fff2a700000 - 0x00007fff2a79e000 	C:\WINDOWS\System32\msvcrt.dll
0x00007fff2b600000 - 0x00007fff2b697000 	C:\WINDOWS\System32\sechost.dll
0x00007fff2a810000 - 0x00007fff2a930000 	C:\WINDOWS\System32\RPCRT4.dll
0x00007fff29fc0000 - 0x00007fff2a154000 	C:\WINDOWS\System32\USER32.dll
0x00007fff28fb0000 - 0x00007fff28fd1000 	C:\WINDOWS\System32\win32u.dll
0x00007fff2b550000 - 0x00007fff2b576000 	C:\WINDOWS\System32\GDI32.dll
0x00007fff29920000 - 0x00007fff29ab4000 	C:\WINDOWS\System32\gdi32full.dll
0x00007fff29100000 - 0x00007fff2919e000 	C:\WINDOWS\System32\msvcp_win.dll
0x00007fff29000000 - 0x00007fff290fa000 	C:\WINDOWS\System32\ucrtbase.dll
0x00007fff20eb0000 - 0x00007fff21135000 	C:\WINDOWS\WinSxS\amd64_microsoft.windows.common-controls_6595b64144ccf1df_6.0.18362.418_none_e6c6b287130d565d\COMCTL32.dll
0x00007fff2b6a0000 - 0x00007fff2b9d6000 	C:\WINDOWS\System32\combase.dll
0x00007fff28bd0000 - 0x00007fff28c50000 	C:\WINDOWS\System32\bcryptPrimitives.dll
0x00007fff2a430000 - 0x00007fff2a45e000 	C:\WINDOWS\System32\IMM32.DLL
0x0000000055e40000 - 0x0000000055f12000 	C:\Program Files\Android\Android Studio\jre\jre\bin\msvcr100.dll
0x00000000561c0000 - 0x0000000056a06000 	C:\Program Files\Android\Android Studio\jre\jre\bin\server\jvm.dll
0x00007fff2b360000 - 0x00007fff2b368000 	C:\WINDOWS\System32\PSAPI.DLL
0x00007fff26470000 - 0x00007fff26479000 	C:\WINDOWS\SYSTEM32\WSOCK32.dll
0x00007fff2b580000 - 0x00007fff2b5ef000 	C:\WINDOWS\System32\WS2_32.dll
0x00007fff26370000 - 0x00007fff26394000 	C:\WINDOWS\SYSTEM32\WINMM.dll
0x00007fff25c60000 - 0x00007fff25c8d000 	C:\WINDOWS\SYSTEM32\WINMMBASE.dll
0x00007fff28a30000 - 0x00007fff28a7a000 	C:\WINDOWS\System32\cfgmgr32.dll
0x00007fff22e00000 - 0x00007fff22e0a000 	C:\WINDOWS\SYSTEM32\VERSION.dll
0x00007fff26410000 - 0x00007fff2641f000 	C:\Program Files\Android\Android Studio\jre\jre\bin\verify.dll
0x00007fff263e0000 - 0x00007fff26409000 	C:\Program Files\Android\Android Studio\jre\jre\bin\java.dll
0x00007fff263c0000 - 0x00007fff263d6000 	C:\Program Files\Android\Android Studio\jre\jre\bin\zip.dll
0x00007fff2a990000 - 0x00007fff2b075000 	C:\WINDOWS\System32\SHELL32.dll
0x00007fff2a650000 - 0x00007fff2a6f9000 	C:\WINDOWS\System32\shcore.dll
0x00007fff291a0000 - 0x00007fff2991f000 	C:\WINDOWS\System32\windows.storage.dll
0x00007fff289f0000 - 0x00007fff28a0f000 	C:\WINDOWS\System32\profapi.dll
0x00007fff289a0000 - 0x00007fff289ea000 	C:\WINDOWS\System32\powrprof.dll
0x00007fff28970000 - 0x00007fff28980000 	C:\WINDOWS\System32\UMPDC.dll
0x00007fff2a930000 - 0x00007fff2a982000 	C:\WINDOWS\System32\shlwapi.dll
0x00007fff28a10000 - 0x00007fff28a21000 	C:\WINDOWS\System32\kernel.appcore.dll
0x00007fff28fe0000 - 0x00007fff28ff7000 	C:\WINDOWS\System32\cryptsp.dll
0x00007fff25bb0000 - 0x00007fff25bca000 	C:\Program Files\Android\Android Studio\jre\jre\bin\net.dll
0x00007fff281e0000 - 0x00007fff28247000 	C:\WINDOWS\system32\mswsock.dll
0x00007fff25960000 - 0x00007fff25971000 	C:\Program Files\Android\Android Studio\jre\jre\bin\nio.dll
0x00007fff19e20000 - 0x00007fff19e46000 	C:\Users\rrpal\.gradle\native\29\windows-amd64\native-platform.dll
0x00007fff263b0000 - 0x00007fff263bd000 	C:\Program Files\Android\Android Studio\jre\jre\bin\management.dll
0x00007fff27cf0000 - 0x00007fff27d23000 	C:\WINDOWS\system32\rsaenh.dll
0x00007fff29ac0000 - 0x00007fff29ae6000 	C:\WINDOWS\System32\bcrypt.dll
0x00007fff28860000 - 0x00007fff28885000 	C:\WINDOWS\SYSTEM32\USERENV.dll
0x00007fff283b0000 - 0x00007fff283bc000 	C:\WINDOWS\SYSTEM32\CRYPTBASE.dll
0x00007fff27e90000 - 0x00007fff27eca000 	C:\WINDOWS\SYSTEM32\IPHLPAPI.DLL
0x00007fff2a420000 - 0x00007fff2a428000 	C:\WINDOWS\System32\NSI.dll
0x00007fff20ae0000 - 0x00007fff20af6000 	C:\WINDOWS\SYSTEM32\dhcpcsvc6.DLL
0x00007fff20ac0000 - 0x00007fff20adc000 	C:\WINDOWS\SYSTEM32\dhcpcsvc.DLL
0x00007fff27ed0000 - 0x00007fff27f9a000 	C:\WINDOWS\SYSTEM32\DNSAPI.dll

VM Arguments:
jvm_args: -Xmx1536m -Dfile.encoding=windows-1252 -Duser.country=BR -Duser.language=pt -Duser.variant 
java_command: org.gradle.launcher.daemon.bootstrap.GradleDaemon 5.4.1
java_class_path (initial): C:\Users\rrpal\.gradle\wrapper\dists\gradle-5.4.1-all\3221gyojl5jsh0helicew7rwx\gradle-5.4.1\lib\gradle-launcher-5.4.1.jar
Launcher Type: SUN_STANDARD

Environment Variables:
PATH=C:\Program Files (x86)\NVIDIA Corporation\PhysX\Common;C:\WINDOWS\system32;C:\WINDOWS;C:\WINDOWS\System32\Wbem;C:\WINDOWS\System32\WindowsPowerShell\v1.0\;C:\WINDOWS\System32\OpenSSH\;C:\Users\rrpal\AppData\Local\Microsoft\WindowsApps;
USERNAME=rrpal
OS=Windows_NT
PROCESSOR_IDENTIFIER=Intel64 Family 6 Model 42 Stepping 7, GenuineIntel



---------------  S Y S T E M  ---------------

OS: Windows 10.0 , 64 bit Build 18362 (10.0.18362.329)

CPU:total 4 (initial active 4) (4 cores per cpu, 1 threads per core) family 6 model 42 stepping 7, cmov, cx8, fxsr, mmx, sse, sse2, sse3, ssse3, sse4.1, sse4.2, popcnt, avx, aes, clmul, tsc, tscinvbit

Memory: 4k page, physical 8365488k(1698000k free), swap 33531312k(2432k free)

vm_info: OpenJDK 64-Bit Server VM (25.202-b03) for windows-amd64 JRE (1.8.0_202-release-1483-b03), built by "builder" with MS VC++ 10.0 (VS2010)

time: Tue Oct 22 21:11:00 2019
timezone: Hora oficial do Brasil
elapsed time: 14 seconds (0d 0h 0m 14s)

